{"/home/ubuntu/gitee/letcode/src/labuladong的算法小抄/链表/141.环形链表.ts": {"path":"/home/ubuntu/gitee/letcode/src/labuladong的算法小抄/链表/141.环形链表.ts","statementMap":{"0":{"start":{"line":3,"column":2},"end":{"line":3,"column":40}},"1":{"start":{"line":3,"column":27},"end":{"line":3,"column":40}},"2":{"start":{"line":4,"column":14},"end":{"line":4,"column":18}},"3":{"start":{"line":5,"column":12},"end":{"line":5,"column":16}},"4":{"start":{"line":6,"column":2},"end":{"line":10,"column":3}},"5":{"start":{"line":7,"column":4},"end":{"line":7,"column":28}},"6":{"start":{"line":8,"column":4},"end":{"line":8,"column":19}},"7":{"start":{"line":9,"column":4},"end":{"line":9,"column":35}},"8":{"start":{"line":9,"column":23},"end":{"line":9,"column":35}},"9":{"start":{"line":11,"column":2},"end":{"line":11,"column":15}}},"fnMap":{"0":{"name":"hasCycle","decl":{"start":{"line":2,"column":16},"end":{"line":2,"column":24}},"loc":{"start":{"line":2,"column":57},"end":{"line":12,"column":1}},"line":2}},"branchMap":{"0":{"loc":{"start":{"line":3,"column":2},"end":{"line":3,"column":40}},"type":"if","locations":[{"start":{"line":3,"column":2},"end":{"line":3,"column":40}},{"start":{},"end":{}}],"line":3},"1":{"loc":{"start":{"line":3,"column":6},"end":{"line":3,"column":25}},"type":"binary-expr","locations":[{"start":{"line":3,"column":6},"end":{"line":3,"column":11}},{"start":{"line":3,"column":15},"end":{"line":3,"column":25}}],"line":3},"2":{"loc":{"start":{"line":6,"column":9},"end":{"line":6,"column":35}},"type":"binary-expr","locations":[{"start":{"line":6,"column":9},"end":{"line":6,"column":14}},{"start":{"line":6,"column":18},"end":{"line":6,"column":28}},{"start":{"line":6,"column":32},"end":{"line":6,"column":35}}],"line":6},"3":{"loc":{"start":{"line":9,"column":4},"end":{"line":9,"column":35}},"type":"if","locations":[{"start":{"line":9,"column":4},"end":{"line":9,"column":35}},{"start":{},"end":{}}],"line":9}},"s":{"0":7,"1":2,"2":5,"3":5,"4":5,"5":16,"6":16,"7":16,"8":3,"9":2},"f":{"0":7},"b":{"0":[2,5],"1":[7,6],"2":[18,17,16],"3":[3,13]},"_coverageSchema":"1a1c01bbd47fc00a2c39e90264f33305004495a9","hash":"b72e1332af59908b470eada0a2b114fd68f57867"}
,"/home/ubuntu/gitee/letcode/src/labuladong的算法小抄/链表/142.环形链表2.ts": {"path":"/home/ubuntu/gitee/letcode/src/labuladong的算法小抄/链表/142.环形链表2.ts","statementMap":{"0":{"start":{"line":4,"column":2},"end":{"line":4,"column":39}},"1":{"start":{"line":4,"column":27},"end":{"line":4,"column":39}},"2":{"start":{"line":5,"column":14},"end":{"line":5,"column":18}},"3":{"start":{"line":6,"column":12},"end":{"line":6,"column":16}},"4":{"start":{"line":7,"column":2},"end":{"line":11,"column":3}},"5":{"start":{"line":8,"column":4},"end":{"line":8,"column":18}},"6":{"start":{"line":9,"column":4},"end":{"line":9,"column":27}},"7":{"start":{"line":10,"column":4},"end":{"line":10,"column":29}},"8":{"start":{"line":10,"column":23},"end":{"line":10,"column":29}},"9":{"start":{"line":12,"column":2},"end":{"line":12,"column":42}},"10":{"start":{"line":12,"column":31},"end":{"line":12,"column":42}},"11":{"start":{"line":13,"column":2},"end":{"line":13,"column":14}},"12":{"start":{"line":14,"column":2},"end":{"line":17,"column":3}},"13":{"start":{"line":15,"column":4},"end":{"line":15,"column":22}},"14":{"start":{"line":16,"column":4},"end":{"line":16,"column":18}},"15":{"start":{"line":18,"column":2},"end":{"line":18,"column":14}}},"fnMap":{"0":{"name":"detectCycle","decl":{"start":{"line":3,"column":16},"end":{"line":3,"column":27}},"loc":{"start":{"line":3,"column":68},"end":{"line":19,"column":1}},"line":3}},"branchMap":{"0":{"loc":{"start":{"line":4,"column":2},"end":{"line":4,"column":39}},"type":"if","locations":[{"start":{"line":4,"column":2},"end":{"line":4,"column":39}},{"start":{},"end":{}}],"line":4},"1":{"loc":{"start":{"line":4,"column":6},"end":{"line":4,"column":25}},"type":"binary-expr","locations":[{"start":{"line":4,"column":6},"end":{"line":4,"column":11}},{"start":{"line":4,"column":15},"end":{"line":4,"column":25}}],"line":4},"2":{"loc":{"start":{"line":7,"column":9},"end":{"line":7,"column":28}},"type":"binary-expr","locations":[{"start":{"line":7,"column":9},"end":{"line":7,"column":14}},{"start":{"line":7,"column":18},"end":{"line":7,"column":28}}],"line":7},"3":{"loc":{"start":{"line":10,"column":4},"end":{"line":10,"column":29}},"type":"if","locations":[{"start":{"line":10,"column":4},"end":{"line":10,"column":29}},{"start":{},"end":{}}],"line":10},"4":{"loc":{"start":{"line":12,"column":2},"end":{"line":12,"column":42}},"type":"if","locations":[{"start":{"line":12,"column":2},"end":{"line":12,"column":42}},{"start":{},"end":{}}],"line":12},"5":{"loc":{"start":{"line":12,"column":8},"end":{"line":12,"column":27}},"type":"binary-expr","locations":[{"start":{"line":12,"column":8},"end":{"line":12,"column":13}},{"start":{"line":12,"column":17},"end":{"line":12,"column":27}}],"line":12}},"s":{"0":12,"1":2,"2":10,"3":10,"4":10,"5":38,"6":38,"7":38,"8":5,"9":10,"10":5,"11":5,"12":5,"13":8,"14":8,"15":5},"f":{"0":12},"b":{"0":[2,10],"1":[12,11],"2":[43,39],"3":[5,33],"4":[5,5],"5":[10,6]},"_coverageSchema":"1a1c01bbd47fc00a2c39e90264f33305004495a9","hash":"153e115af2395e4c89c4e9f222d020b1abe8a85f"}
,"/home/ubuntu/gitee/letcode/src/labuladong的算法小抄/链表/160.相交链表.ts": {"path":"/home/ubuntu/gitee/letcode/src/labuladong的算法小抄/链表/160.相交链表.ts","statementMap":{"0":{"start":{"line":5,"column":4},"end":{"line":5,"column":39}},"1":{"start":{"line":5,"column":27},"end":{"line":5,"column":39}},"2":{"start":{"line":6,"column":4},"end":{"line":6,"column":34}},"3":{"start":{"line":6,"column":22},"end":{"line":6,"column":34}},"4":{"start":{"line":7,"column":15},"end":{"line":7,"column":16}},"5":{"start":{"line":8,"column":15},"end":{"line":8,"column":16}},"6":{"start":{"line":9,"column":15},"end":{"line":9,"column":20}},"7":{"start":{"line":10,"column":15},"end":{"line":10,"column":20}},"8":{"start":{"line":11,"column":4},"end":{"line":14,"column":5}},"9":{"start":{"line":12,"column":8},"end":{"line":12,"column":24}},"10":{"start":{"line":13,"column":8},"end":{"line":13,"column":14}},"11":{"start":{"line":15,"column":4},"end":{"line":18,"column":5}},"12":{"start":{"line":16,"column":8},"end":{"line":16,"column":24}},"13":{"start":{"line":17,"column":8},"end":{"line":17,"column":14}},"14":{"start":{"line":19,"column":4},"end":{"line":19,"column":16}},"15":{"start":{"line":20,"column":4},"end":{"line":20,"column":16}},"16":{"start":{"line":22,"column":4},"end":{"line":34,"column":5}},"17":{"start":{"line":23,"column":19},"end":{"line":23,"column":30}},"18":{"start":{"line":24,"column":8},"end":{"line":27,"column":9}},"19":{"start":{"line":25,"column":12},"end":{"line":25,"column":28}},"20":{"start":{"line":26,"column":12},"end":{"line":26,"column":18}},"21":{"start":{"line":29,"column":19},"end":{"line":29,"column":30}},"22":{"start":{"line":30,"column":8},"end":{"line":33,"column":9}},"23":{"start":{"line":31,"column":12},"end":{"line":31,"column":28}},"24":{"start":{"line":32,"column":12},"end":{"line":32,"column":18}},"25":{"start":{"line":35,"column":4},"end":{"line":39,"column":5}},"26":{"start":{"line":36,"column":8},"end":{"line":36,"column":39}},"27":{"start":{"line":36,"column":27},"end":{"line":36,"column":39}},"28":{"start":{"line":37,"column":8},"end":{"line":37,"column":24}},"29":{"start":{"line":38,"column":8},"end":{"line":38,"column":24}},"30":{"start":{"line":40,"column":4},"end":{"line":40,"column":15}},"31":{"start":{"line":44,"column":4},"end":{"line":44,"column":39}},"32":{"start":{"line":44,"column":27},"end":{"line":44,"column":39}},"33":{"start":{"line":45,"column":4},"end":{"line":45,"column":34}},"34":{"start":{"line":45,"column":22},"end":{"line":45,"column":34}},"35":{"start":{"line":46,"column":15},"end":{"line":46,"column":20}},"36":{"start":{"line":47,"column":4},"end":{"line":49,"column":5}},"37":{"start":{"line":48,"column":8},"end":{"line":48,"column":24}},"38":{"start":{"line":50,"column":16},"end":{"line":50,"column":25}},"39":{"start":{"line":51,"column":4},"end":{"line":51,"column":21}},"40":{"start":{"line":54,"column":20},"end":{"line":54,"column":38}},"41":{"start":{"line":56,"column":4},"end":{"line":56,"column":21}},"42":{"start":{"line":57,"column":4},"end":{"line":57,"column":18}}},"fnMap":{"0":{"name":"getIntersectionNode","decl":{"start":{"line":4,"column":16},"end":{"line":4,"column":35}},"loc":{"start":{"line":4,"column":101},"end":{"line":41,"column":1}},"line":4},"1":{"name":"getIntersectionNode2","decl":{"start":{"line":43,"column":16},"end":{"line":43,"column":36}},"loc":{"start":{"line":43,"column":102},"end":{"line":58,"column":1}},"line":43}},"branchMap":{"0":{"loc":{"start":{"line":5,"column":4},"end":{"line":5,"column":39}},"type":"if","locations":[{"start":{"line":5,"column":4},"end":{"line":5,"column":39}},{"start":{},"end":{}}],"line":5},"1":{"loc":{"start":{"line":5,"column":8},"end":{"line":5,"column":24}},"type":"binary-expr","locations":[{"start":{"line":5,"column":8},"end":{"line":5,"column":14}},{"start":{"line":5,"column":18},"end":{"line":5,"column":24}}],"line":5},"2":{"loc":{"start":{"line":6,"column":4},"end":{"line":6,"column":34}},"type":"if","locations":[{"start":{"line":6,"column":4},"end":{"line":6,"column":34}},{"start":{},"end":{}}],"line":6},"3":{"loc":{"start":{"line":22,"column":4},"end":{"line":34,"column":5}},"type":"if","locations":[{"start":{"line":22,"column":4},"end":{"line":34,"column":5}},{"start":{"line":28,"column":11},"end":{"line":34,"column":5}}],"line":22},"4":{"loc":{"start":{"line":35,"column":11},"end":{"line":35,"column":23}},"type":"binary-expr","locations":[{"start":{"line":35,"column":11},"end":{"line":35,"column":15}},{"start":{"line":35,"column":19},"end":{"line":35,"column":23}}],"line":35},"5":{"loc":{"start":{"line":36,"column":8},"end":{"line":36,"column":39}},"type":"if","locations":[{"start":{"line":36,"column":8},"end":{"line":36,"column":39}},{"start":{},"end":{}}],"line":36},"6":{"loc":{"start":{"line":44,"column":4},"end":{"line":44,"column":39}},"type":"if","locations":[{"start":{"line":44,"column":4},"end":{"line":44,"column":39}},{"start":{},"end":{}}],"line":44},"7":{"loc":{"start":{"line":44,"column":8},"end":{"line":44,"column":24}},"type":"binary-expr","locations":[{"start":{"line":44,"column":8},"end":{"line":44,"column":14}},{"start":{"line":44,"column":18},"end":{"line":44,"column":24}}],"line":44},"8":{"loc":{"start":{"line":45,"column":4},"end":{"line":45,"column":34}},"type":"if","locations":[{"start":{"line":45,"column":4},"end":{"line":45,"column":34}},{"start":{},"end":{}}],"line":45}},"s":{"0":0,"1":0,"2":0,"3":0,"4":0,"5":0,"6":0,"7":0,"8":0,"9":0,"10":0,"11":0,"12":0,"13":0,"14":0,"15":0,"16":0,"17":0,"18":0,"19":0,"20":0,"21":0,"22":0,"23":0,"24":0,"25":0,"26":0,"27":0,"28":0,"29":0,"30":0,"31":6,"32":0,"33":6,"34":1,"35":5,"36":5,"37":16,"38":5,"39":5,"40":5,"41":5,"42":5},"f":{"0":0,"1":6},"b":{"0":[0,0],"1":[0,0],"2":[0,0],"3":[0,0],"4":[0,0],"5":[0,0],"6":[0,6],"7":[6,6],"8":[1,5]},"_coverageSchema":"1a1c01bbd47fc00a2c39e90264f33305004495a9","hash":"923e43779f39be6fb5865fc686353ca6aad009bf"}
,"/home/ubuntu/gitee/letcode/src/labuladong的算法小抄/链表/19.删除链表的倒数第 N 个结点.ts": {"path":"/home/ubuntu/gitee/letcode/src/labuladong的算法小抄/链表/19.删除链表的倒数第 N 个结点.ts","statementMap":{"0":{"start":{"line":4,"column":4},"end":{"line":4,"column":39}},"1":{"start":{"line":4,"column":28},"end":{"line":4,"column":39}},"2":{"start":{"line":5,"column":14},"end":{"line":5,"column":15}},"3":{"start":{"line":6,"column":15},"end":{"line":6,"column":19}},"4":{"start":{"line":7,"column":14},"end":{"line":7,"column":18}},"5":{"start":{"line":8,"column":4},"end":{"line":11,"column":5}},"6":{"start":{"line":9,"column":8},"end":{"line":9,"column":24}},"7":{"start":{"line":10,"column":8},"end":{"line":10,"column":13}},"8":{"start":{"line":12,"column":4},"end":{"line":12,"column":30}},"9":{"start":{"line":12,"column":14},"end":{"line":12,"column":30}},"10":{"start":{"line":13,"column":4},"end":{"line":16,"column":5}},"11":{"start":{"line":14,"column":8},"end":{"line":14,"column":24}},"12":{"start":{"line":15,"column":7},"end":{"line":15,"column":21}},"13":{"start":{"line":17,"column":4},"end":{"line":17,"column":28}},"14":{"start":{"line":18,"column":4},"end":{"line":18,"column":15}}},"fnMap":{"0":{"name":"removeNthFromEnd","decl":{"start":{"line":3,"column":16},"end":{"line":3,"column":32}},"loc":{"start":{"line":3,"column":84},"end":{"line":19,"column":1}},"line":3}},"branchMap":{"0":{"loc":{"start":{"line":4,"column":4},"end":{"line":4,"column":39}},"type":"if","locations":[{"start":{"line":4,"column":4},"end":{"line":4,"column":39}},{"start":{},"end":{}}],"line":4},"1":{"loc":{"start":{"line":4,"column":7},"end":{"line":4,"column":26}},"type":"binary-expr","locations":[{"start":{"line":4,"column":7},"end":{"line":4,"column":17}},{"start":{"line":4,"column":21},"end":{"line":4,"column":26}}],"line":4},"2":{"loc":{"start":{"line":12,"column":4},"end":{"line":12,"column":30}},"type":"if","locations":[{"start":{"line":12,"column":4},"end":{"line":12,"column":30}},{"start":{},"end":{}}],"line":12}},"s":{"0":5,"1":1,"2":4,"3":4,"4":4,"5":4,"6":9,"7":9,"8":4,"9":1,"10":3,"11":5,"12":5,"13":3,"14":3},"f":{"0":5},"b":{"0":[1,4],"1":[5,1],"2":[1,3]},"_coverageSchema":"1a1c01bbd47fc00a2c39e90264f33305004495a9","hash":"5048d1b17bf0784b4e478c19c0b751ac757bf569"}
,"/home/ubuntu/gitee/letcode/src/labuladong的算法小抄/链表/21.合并两个有序链表.ts": {"path":"/home/ubuntu/gitee/letcode/src/labuladong的算法小抄/链表/21.合并两个有序链表.ts","statementMap":{"0":{"start":{"line":4,"column":4},"end":{"line":4,"column":28}},"1":{"start":{"line":4,"column":16},"end":{"line":4,"column":28}},"2":{"start":{"line":5,"column":4},"end":{"line":5,"column":28}},"3":{"start":{"line":5,"column":16},"end":{"line":5,"column":28}},"4":{"start":{"line":6,"column":17},"end":{"line":6,"column":41}},"5":{"start":{"line":7,"column":14},"end":{"line":7,"column":18}},"6":{"start":{"line":8,"column":14},"end":{"line":8,"column":19}},"7":{"start":{"line":9,"column":14},"end":{"line":9,"column":19}},"8":{"start":{"line":10,"column":4},"end":{"line":19,"column":5}},"9":{"start":{"line":11,"column":8},"end":{"line":17,"column":9}},"10":{"start":{"line":12,"column":12},"end":{"line":12,"column":26}},"11":{"start":{"line":13,"column":12},"end":{"line":13,"column":26}},"12":{"start":{"line":15,"column":12},"end":{"line":15,"column":26}},"13":{"start":{"line":16,"column":12},"end":{"line":16,"column":26}},"14":{"start":{"line":18,"column":8},"end":{"line":18,"column":22}},"15":{"start":{"line":20,"column":4},"end":{"line":22,"column":5}},"16":{"start":{"line":21,"column":8},"end":{"line":21,"column":22}},"17":{"start":{"line":23,"column":4},"end":{"line":25,"column":5}},"18":{"start":{"line":24,"column":8},"end":{"line":24,"column":22}},"19":{"start":{"line":27,"column":4},"end":{"line":27,"column":20}}},"fnMap":{"0":{"name":"mergeTwoLists","decl":{"start":{"line":3,"column":16},"end":{"line":3,"column":29}},"loc":{"start":{"line":3,"column":95},"end":{"line":28,"column":1}},"line":3}},"branchMap":{"0":{"loc":{"start":{"line":4,"column":4},"end":{"line":4,"column":28}},"type":"if","locations":[{"start":{"line":4,"column":4},"end":{"line":4,"column":28}},{"start":{},"end":{}}],"line":4},"1":{"loc":{"start":{"line":5,"column":4},"end":{"line":5,"column":28}},"type":"if","locations":[{"start":{"line":5,"column":4},"end":{"line":5,"column":28}},{"start":{},"end":{}}],"line":5},"2":{"loc":{"start":{"line":10,"column":11},"end":{"line":10,"column":21}},"type":"binary-expr","locations":[{"start":{"line":10,"column":11},"end":{"line":10,"column":14}},{"start":{"line":10,"column":18},"end":{"line":10,"column":21}}],"line":10},"3":{"loc":{"start":{"line":11,"column":8},"end":{"line":17,"column":9}},"type":"if","locations":[{"start":{"line":11,"column":8},"end":{"line":17,"column":9}},{"start":{"line":14,"column":15},"end":{"line":17,"column":9}}],"line":11},"4":{"loc":{"start":{"line":20,"column":4},"end":{"line":22,"column":5}},"type":"if","locations":[{"start":{"line":20,"column":4},"end":{"line":22,"column":5}},{"start":{},"end":{}}],"line":20},"5":{"loc":{"start":{"line":23,"column":4},"end":{"line":25,"column":5}},"type":"if","locations":[{"start":{"line":23,"column":4},"end":{"line":25,"column":5}},{"start":{},"end":{}}],"line":23}},"s":{"0":5,"1":2,"2":3,"3":1,"4":2,"5":2,"6":2,"7":2,"8":2,"9":11,"10":7,"11":7,"12":4,"13":4,"14":11,"15":2,"16":1,"17":2,"18":1,"19":2},"f":{"0":5},"b":{"0":[2,3],"1":[1,2],"2":[13,12],"3":[7,4],"4":[1,1],"5":[1,1]},"_coverageSchema":"1a1c01bbd47fc00a2c39e90264f33305004495a9","hash":"e95c429df7983303ee975cd7bf5abd4575239173"}
,"/home/ubuntu/gitee/letcode/src/links/SingleLink.ts": {"path":"/home/ubuntu/gitee/letcode/src/links/SingleLink.ts","statementMap":{"0":{"start":{"line":6,"column":4},"end":{"line":6,"column":19}},"1":{"start":{"line":7,"column":4},"end":{"line":7,"column":21}},"2":{"start":{"line":14,"column":4},"end":{"line":14,"column":52}},"3":{"start":{"line":14,"column":34},"end":{"line":14,"column":52}},"4":{"start":{"line":15,"column":4},"end":{"line":23,"column":7}},"5":{"start":{"line":16,"column":6},"end":{"line":22,"column":7}},"6":{"start":{"line":17,"column":8},"end":{"line":17,"column":47}},"7":{"start":{"line":18,"column":8},"end":{"line":18,"column":31}},"8":{"start":{"line":20,"column":8},"end":{"line":20,"column":51}},"9":{"start":{"line":21,"column":8},"end":{"line":21,"column":35}},"10":{"start":{"line":26,"column":15},"end":{"line":26,"column":24}},"11":{"start":{"line":27,"column":4},"end":{"line":29,"column":5}},"12":{"start":{"line":28,"column":6},"end":{"line":28,"column":23}},"13":{"start":{"line":30,"column":4},"end":{"line":30,"column":16}},"14":{"start":{"line":34,"column":4},"end":{"line":41,"column":5}},"15":{"start":{"line":36,"column":6},"end":{"line":36,"column":32}},"16":{"start":{"line":37,"column":6},"end":{"line":37,"column":27}},"17":{"start":{"line":39,"column":6},"end":{"line":39,"column":31}},"18":{"start":{"line":40,"column":6},"end":{"line":40,"column":26}},"19":{"start":{"line":48,"column":4},"end":{"line":48,"column":22}}},"fnMap":{"0":{"name":"(anonymous_0)","decl":{"start":{"line":5,"column":2},"end":{"line":5,"column":3}},"loc":{"start":{"line":5,"column":43},"end":{"line":8,"column":3}},"line":5},"1":{"name":"(anonymous_1)","decl":{"start":{"line":13,"column":2},"end":{"line":13,"column":3}},"loc":{"start":{"line":13,"column":36},"end":{"line":24,"column":3}},"line":13},"2":{"name":"(anonymous_2)","decl":{"start":{"line":15,"column":16},"end":{"line":15,"column":17}},"loc":{"start":{"line":15,"column":34},"end":{"line":23,"column":5}},"line":15},"3":{"name":"(anonymous_3)","decl":{"start":{"line":25,"column":2},"end":{"line":25,"column":3}},"loc":{"start":{"line":25,"column":32},"end":{"line":31,"column":3}},"line":25},"4":{"name":"(anonymous_4)","decl":{"start":{"line":33,"column":2},"end":{"line":33,"column":3}},"loc":{"start":{"line":33,"column":50},"end":{"line":42,"column":3}},"line":33},"5":{"name":"(anonymous_5)","decl":{"start":{"line":43,"column":2},"end":{"line":43,"column":3}},"loc":{"start":{"line":43,"column":49},"end":{"line":46,"column":3}},"line":43},"6":{"name":"(anonymous_6)","decl":{"start":{"line":47,"column":2},"end":{"line":47,"column":3}},"loc":{"start":{"line":47,"column":13},"end":{"line":49,"column":3}},"line":47}},"branchMap":{"0":{"loc":{"start":{"line":14,"column":4},"end":{"line":14,"column":52}},"type":"if","locations":[{"start":{"line":14,"column":4},"end":{"line":14,"column":52}},{"start":{},"end":{}}],"line":14},"1":{"loc":{"start":{"line":14,"column":8},"end":{"line":14,"column":32}},"type":"binary-expr","locations":[{"start":{"line":14,"column":8},"end":{"line":14,"column":24}},{"start":{"line":14,"column":28},"end":{"line":14,"column":32}}],"line":14},"2":{"loc":{"start":{"line":16,"column":6},"end":{"line":22,"column":7}},"type":"if","locations":[{"start":{"line":16,"column":6},"end":{"line":22,"column":7}},{"start":{"line":19,"column":13},"end":{"line":22,"column":7}}],"line":16},"3":{"loc":{"start":{"line":27,"column":11},"end":{"line":27,"column":37}},"type":"binary-expr","locations":[{"start":{"line":27,"column":11},"end":{"line":27,"column":15}},{"start":{"line":27,"column":19},"end":{"line":27,"column":37}}],"line":27},"4":{"loc":{"start":{"line":34,"column":4},"end":{"line":41,"column":5}},"type":"if","locations":[{"start":{"line":34,"column":4},"end":{"line":41,"column":5}},{"start":{"line":38,"column":11},"end":{"line":41,"column":5}}],"line":34}},"s":{"0":390,"1":390,"2":51,"3":2,"4":51,"5":201,"6":49,"7":49,"8":152,"9":152,"10":0,"11":0,"12":0,"13":0,"14":0,"15":0,"16":0,"17":0,"18":0,"19":51},"f":{"0":390,"1":51,"2":201,"3":0,"4":0,"5":0,"6":51},"b":{"0":[2,49],"1":[51,49],"2":[49,152],"3":[0,0],"4":[0,0]},"_coverageSchema":"1a1c01bbd47fc00a2c39e90264f33305004495a9","hash":"c78651a86debc4f0873cccbeb7e9391b45284260"}
,"/home/ubuntu/gitee/letcode/src/util/linkUtil.ts": {"path":"/home/ubuntu/gitee/letcode/src/util/linkUtil.ts","statementMap":{"0":{"start":{"line":17,"column":2},"end":{"line":17,"column":23}},"1":{"start":{"line":17,"column":13},"end":{"line":17,"column":23}},"2":{"start":{"line":18,"column":12},"end":{"line":18,"column":16}},"3":{"start":{"line":19,"column":25},"end":{"line":19,"column":27}},"4":{"start":{"line":20,"column":2},"end":{"line":23,"column":3}},"5":{"start":{"line":21,"column":4},"end":{"line":21,"column":22}},"6":{"start":{"line":22,"column":4},"end":{"line":22,"column":19}},"7":{"start":{"line":24,"column":2},"end":{"line":24,"column":13}},"8":{"start":{"line":33,"column":30},"end":{"line":33,"column":32}},"9":{"start":{"line":34,"column":2},"end":{"line":37,"column":5}},"10":{"start":{"line":35,"column":17},"end":{"line":35,"column":44}},"11":{"start":{"line":36,"column":4},"end":{"line":36,"column":23}},"12":{"start":{"line":38,"column":2},"end":{"line":44,"column":3}},"13":{"start":{"line":38,"column":19},"end":{"line":38,"column":20}},"14":{"start":{"line":39,"column":4},"end":{"line":43,"column":5}},"15":{"start":{"line":40,"column":6},"end":{"line":40,"column":33}},"16":{"start":{"line":42,"column":6},"end":{"line":42,"column":47}},"17":{"start":{"line":45,"column":2},"end":{"line":45,"column":17}},"18":{"start":{"line":55,"column":2},"end":{"line":55,"column":61}},"19":{"start":{"line":55,"column":31},"end":{"line":55,"column":61}},"20":{"start":{"line":56,"column":2},"end":{"line":56,"column":22}},"21":{"start":{"line":56,"column":11},"end":{"line":56,"column":22}},"22":{"start":{"line":57,"column":18},"end":{"line":57,"column":34}},"23":{"start":{"line":58,"column":2},"end":{"line":58,"column":63}},"24":{"start":{"line":58,"column":16},"end":{"line":58,"column":63}},"25":{"start":{"line":59,"column":2},"end":{"line":59,"column":19}}},"fnMap":{"0":{"name":"linkToArray","decl":{"start":{"line":16,"column":16},"end":{"line":16,"column":27}},"loc":{"start":{"line":16,"column":62},"end":{"line":25,"column":1}},"line":16},"1":{"name":"linkInArray","decl":{"start":{"line":32,"column":16},"end":{"line":32,"column":27}},"loc":{"start":{"line":32,"column":55},"end":{"line":46,"column":1}},"line":32},"2":{"name":"(anonymous_2)","decl":{"start":{"line":34,"column":14},"end":{"line":34,"column":15}},"loc":{"start":{"line":34,"column":27},"end":{"line":37,"column":3}},"line":34},"3":{"name":"creatCirleLink","decl":{"start":{"line":54,"column":16},"end":{"line":54,"column":30}},"loc":{"start":{"line":54,"column":95},"end":{"line":60,"column":1}},"line":54}},"branchMap":{"0":{"loc":{"start":{"line":17,"column":2},"end":{"line":17,"column":23}},"type":"if","locations":[{"start":{"line":17,"column":2},"end":{"line":17,"column":23}},{"start":{},"end":{}}],"line":17},"1":{"loc":{"start":{"line":39,"column":4},"end":{"line":43,"column":5}},"type":"if","locations":[{"start":{"line":39,"column":4},"end":{"line":43,"column":5}},{"start":{"line":41,"column":11},"end":{"line":43,"column":5}}],"line":39},"2":{"loc":{"start":{"line":54,"column":62},"end":{"line":54,"column":76}},"type":"default-arg","locations":[{"start":{"line":54,"column":74},"end":{"line":54,"column":76}}],"line":54},"3":{"loc":{"start":{"line":55,"column":2},"end":{"line":55,"column":61}},"type":"if","locations":[{"start":{"line":55,"column":2},"end":{"line":55,"column":61}},{"start":{},"end":{}}],"line":55},"4":{"loc":{"start":{"line":56,"column":2},"end":{"line":56,"column":22}},"type":"if","locations":[{"start":{"line":56,"column":2},"end":{"line":56,"column":22}},{"start":{},"end":{}}],"line":56},"5":{"loc":{"start":{"line":58,"column":2},"end":{"line":58,"column":63}},"type":"if","locations":[{"start":{"line":58,"column":2},"end":{"line":58,"column":63}},{"start":{},"end":{}}],"line":58}},"s":{"0":33,"1":1,"2":32,"3":32,"4":32,"5":141,"6":141,"7":32,"8":37,"9":37,"10":144,"11":144,"12":37,"13":37,"14":144,"15":37,"16":107,"17":37,"18":10,"19":2,"20":8,"21":2,"22":6,"23":6,"24":4,"25":6},"f":{"0":33,"1":37,"2":144,"3":10},"b":{"0":[1,32],"1":[37,107],"2":[4],"3":[2,8],"4":[2,6],"5":[4,2]},"_coverageSchema":"1a1c01bbd47fc00a2c39e90264f33305004495a9","hash":"8a3bcc14d63710c9d369b16ec4e6788c5013ab49"}
,"/home/ubuntu/gitee/letcode/src/util/treeNodeUtil.ts": {"path":"/home/ubuntu/gitee/letcode/src/util/treeNodeUtil.ts","statementMap":{"0":{"start":{"line":23,"column":2},"end":{"line":23,"column":24}},"1":{"start":{"line":23,"column":12},"end":{"line":23,"column":24}},"2":{"start":{"line":24,"column":15},"end":{"line":24,"column":36}},"3":{"start":{"line":25,"column":2},"end":{"line":25,"column":33}},"4":{"start":{"line":26,"column":2},"end":{"line":26,"column":35}},"5":{"start":{"line":27,"column":2},"end":{"line":27,"column":14}},"6":{"start":{"line":35,"column":14},"end":{"line":35,"column":16}},"7":{"start":{"line":36,"column":16},"end":{"line":41,"column":3}},"8":{"start":{"line":37,"column":4},"end":{"line":37,"column":22}},"9":{"start":{"line":37,"column":15},"end":{"line":37,"column":22}},"10":{"start":{"line":38,"column":4},"end":{"line":38,"column":23}},"11":{"start":{"line":39,"column":4},"end":{"line":39,"column":21}},"12":{"start":{"line":40,"column":4},"end":{"line":40,"column":22}},"13":{"start":{"line":42,"column":2},"end":{"line":42,"column":14}},"14":{"start":{"line":43,"column":2},"end":{"line":43,"column":13}},"15":{"start":{"line":52,"column":14},"end":{"line":52,"column":16}},"16":{"start":{"line":53,"column":16},"end":{"line":58,"column":3}},"17":{"start":{"line":54,"column":4},"end":{"line":54,"column":22}},"18":{"start":{"line":54,"column":15},"end":{"line":54,"column":22}},"19":{"start":{"line":55,"column":4},"end":{"line":55,"column":21}},"20":{"start":{"line":56,"column":4},"end":{"line":56,"column":23}},"21":{"start":{"line":57,"column":4},"end":{"line":57,"column":22}},"22":{"start":{"line":59,"column":2},"end":{"line":59,"column":14}},"23":{"start":{"line":60,"column":2},"end":{"line":60,"column":13}},"24":{"start":{"line":64,"column":14},"end":{"line":64,"column":16}},"25":{"start":{"line":65,"column":16},"end":{"line":70,"column":3}},"26":{"start":{"line":66,"column":4},"end":{"line":66,"column":22}},"27":{"start":{"line":66,"column":15},"end":{"line":66,"column":22}},"28":{"start":{"line":67,"column":4},"end":{"line":67,"column":21}},"29":{"start":{"line":68,"column":4},"end":{"line":68,"column":22}},"30":{"start":{"line":69,"column":4},"end":{"line":69,"column":23}},"31":{"start":{"line":71,"column":2},"end":{"line":71,"column":14}},"32":{"start":{"line":72,"column":2},"end":{"line":72,"column":13}}},"fnMap":{"0":{"name":"obj2Tree","decl":{"start":{"line":22,"column":16},"end":{"line":22,"column":24}},"loc":{"start":{"line":22,"column":59},"end":{"line":28,"column":1}},"line":22},"1":{"name":"preOrder","decl":{"start":{"line":34,"column":16},"end":{"line":34,"column":24}},"loc":{"start":{"line":34,"column":55},"end":{"line":44,"column":1}},"line":34},"2":{"name":"(anonymous_2)","decl":{"start":{"line":36,"column":16},"end":{"line":36,"column":17}},"loc":{"start":{"line":36,"column":43},"end":{"line":41,"column":3}},"line":36},"3":{"name":"inorder","decl":{"start":{"line":51,"column":16},"end":{"line":51,"column":23}},"loc":{"start":{"line":51,"column":54},"end":{"line":61,"column":1}},"line":51},"4":{"name":"(anonymous_4)","decl":{"start":{"line":53,"column":16},"end":{"line":53,"column":17}},"loc":{"start":{"line":53,"column":43},"end":{"line":58,"column":3}},"line":53},"5":{"name":"postorder","decl":{"start":{"line":63,"column":16},"end":{"line":63,"column":25}},"loc":{"start":{"line":63,"column":56},"end":{"line":73,"column":1}},"line":63},"6":{"name":"(anonymous_6)","decl":{"start":{"line":65,"column":16},"end":{"line":65,"column":17}},"loc":{"start":{"line":65,"column":43},"end":{"line":70,"column":3}},"line":65}},"branchMap":{"0":{"loc":{"start":{"line":23,"column":2},"end":{"line":23,"column":24}},"type":"if","locations":[{"start":{"line":23,"column":2},"end":{"line":23,"column":24}},{"start":{},"end":{}}],"line":23},"1":{"loc":{"start":{"line":37,"column":4},"end":{"line":37,"column":22}},"type":"if","locations":[{"start":{"line":37,"column":4},"end":{"line":37,"column":22}},{"start":{},"end":{}}],"line":37},"2":{"loc":{"start":{"line":54,"column":4},"end":{"line":54,"column":22}},"type":"if","locations":[{"start":{"line":54,"column":4},"end":{"line":54,"column":22}},{"start":{},"end":{}}],"line":54},"3":{"loc":{"start":{"line":66,"column":4},"end":{"line":66,"column":22}},"type":"if","locations":[{"start":{"line":66,"column":4},"end":{"line":66,"column":22}},{"start":{},"end":{}}],"line":66}},"s":{"0":52,"1":28,"2":24,"3":24,"4":24,"5":24,"6":1,"7":1,"8":13,"9":7,"10":6,"11":6,"12":6,"13":1,"14":1,"15":1,"16":1,"17":13,"18":7,"19":6,"20":6,"21":6,"22":1,"23":1,"24":2,"25":2,"26":14,"27":8,"28":6,"29":6,"30":6,"31":2,"32":2},"f":{"0":52,"1":1,"2":13,"3":1,"4":13,"5":2,"6":14},"b":{"0":[28,24],"1":[7,6],"2":[7,6],"3":[8,6]},"_coverageSchema":"1a1c01bbd47fc00a2c39e90264f33305004495a9","hash":"e1e6241895a88b3b85f866d82f0ef0c9fd0815ad"}
,"/home/ubuntu/gitee/letcode/src/基本数据结构/二叉树.ts": {"path":"/home/ubuntu/gitee/letcode/src/基本数据结构/二叉树.ts","statementMap":{"0":{"start":{"line":16,"column":8},"end":{"line":16,"column":24}},"1":{"start":{"line":17,"column":8},"end":{"line":17,"column":26}},"2":{"start":{"line":18,"column":8},"end":{"line":18,"column":22}}},"fnMap":{"0":{"name":"(anonymous_0)","decl":{"start":{"line":15,"column":4},"end":{"line":15,"column":5}},"loc":{"start":{"line":15,"column":76},"end":{"line":19,"column":5}},"line":15}},"branchMap":{},"s":{"0":24,"1":24,"2":24},"f":{"0":24},"b":{},"_coverageSchema":"1a1c01bbd47fc00a2c39e90264f33305004495a9","hash":"b08926bb754fcb4038bfea537abaabfb8d19c761"}
,"/home/ubuntu/gitee/letcode/src/稀土课堂/字符串/判断回文.ts": {"path":"/home/ubuntu/gitee/letcode/src/稀土课堂/字符串/判断回文.ts","statementMap":{"0":{"start":{"line":12,"column":10},"end":{"line":12,"column":11}},"1":{"start":{"line":13,"column":2},"end":{"line":24,"column":3}},"2":{"start":{"line":13,"column":19},"end":{"line":13,"column":20}},"3":{"start":{"line":14,"column":4},"end":{"line":23,"column":5}},"4":{"start":{"line":15,"column":6},"end":{"line":15,"column":32}},"5":{"start":{"line":15,"column":19},"end":{"line":15,"column":32}},"6":{"start":{"line":16,"column":6},"end":{"line":22,"column":7}},"7":{"start":{"line":17,"column":8},"end":{"line":17,"column":12}},"8":{"start":{"line":18,"column":13},"end":{"line":22,"column":7}},"9":{"start":{"line":19,"column":8},"end":{"line":19,"column":11}},"10":{"start":{"line":21,"column":8},"end":{"line":21,"column":20}},"11":{"start":{"line":25,"column":2},"end":{"line":25,"column":13}}},"fnMap":{"0":{"name":"isRever","decl":{"start":{"line":11,"column":16},"end":{"line":11,"column":23}},"loc":{"start":{"line":11,"column":46},"end":{"line":26,"column":1}},"line":11}},"branchMap":{"0":{"loc":{"start":{"line":14,"column":4},"end":{"line":23,"column":5}},"type":"if","locations":[{"start":{"line":14,"column":4},"end":{"line":23,"column":5}},{"start":{},"end":{}}],"line":14},"1":{"loc":{"start":{"line":15,"column":6},"end":{"line":15,"column":32}},"type":"if","locations":[{"start":{"line":15,"column":6},"end":{"line":15,"column":32}},{"start":{},"end":{}}],"line":15},"2":{"loc":{"start":{"line":16,"column":6},"end":{"line":22,"column":7}},"type":"if","locations":[{"start":{"line":16,"column":6},"end":{"line":22,"column":7}},{"start":{"line":18,"column":13},"end":{"line":22,"column":7}}],"line":16},"3":{"loc":{"start":{"line":18,"column":13},"end":{"line":22,"column":7}},"type":"if","locations":[{"start":{"line":18,"column":13},"end":{"line":22,"column":7}},{"start":{"line":20,"column":11},"end":{"line":22,"column":7}}],"line":18}},"s":{"0":6,"1":6,"2":6,"3":16,"4":4,"5":0,"6":4,"7":1,"8":3,"9":0,"10":3,"11":3},"f":{"0":6},"b":{"0":[4,12],"1":[0,4],"2":[1,3],"3":[0,3]},"_coverageSchema":"1a1c01bbd47fc00a2c39e90264f33305004495a9","hash":"b7026aa8a30ad36fec08ffaf77af2cc9ec6f0500"}
,"/home/ubuntu/gitee/letcode/src/稀土课堂/数组/三数求和.ts": {"path":"/home/ubuntu/gitee/letcode/src/稀土课堂/数组/三数求和.ts","statementMap":{"0":{"start":{"line":2,"column":26},"end":{"line":2,"column":28}},"1":{"start":{"line":3,"column":2},"end":{"line":5,"column":5}},"2":{"start":{"line":4,"column":4},"end":{"line":4,"column":17}},"3":{"start":{"line":6,"column":2},"end":{"line":34,"column":3}},"4":{"start":{"line":6,"column":19},"end":{"line":6,"column":20}},"5":{"start":{"line":7,"column":12},"end":{"line":7,"column":21}},"6":{"start":{"line":8,"column":12},"end":{"line":8,"column":27}},"7":{"start":{"line":9,"column":4},"end":{"line":9,"column":44}},"8":{"start":{"line":9,"column":36},"end":{"line":9,"column":44}},"9":{"start":{"line":10,"column":4},"end":{"line":33,"column":5}},"10":{"start":{"line":11,"column":18},"end":{"line":11,"column":35}},"11":{"start":{"line":12,"column":6},"end":{"line":32,"column":7}},"12":{"start":{"line":13,"column":8},"end":{"line":13,"column":12}},"13":{"start":{"line":14,"column":8},"end":{"line":16,"column":9}},"14":{"start":{"line":15,"column":12},"end":{"line":15,"column":15}},"15":{"start":{"line":17,"column":13},"end":{"line":32,"column":7}},"16":{"start":{"line":18,"column":8},"end":{"line":18,"column":12}},"17":{"start":{"line":19,"column":8},"end":{"line":21,"column":9}},"18":{"start":{"line":20,"column":12},"end":{"line":20,"column":15}},"19":{"start":{"line":22,"column":13},"end":{"line":32,"column":7}},"20":{"start":{"line":23,"column":8},"end":{"line":23,"column":50}},"21":{"start":{"line":24,"column":8},"end":{"line":24,"column":11}},"22":{"start":{"line":25,"column":8},"end":{"line":25,"column":11}},"23":{"start":{"line":26,"column":8},"end":{"line":28,"column":9}},"24":{"start":{"line":27,"column":12},"end":{"line":27,"column":15}},"25":{"start":{"line":29,"column":8},"end":{"line":31,"column":9}},"26":{"start":{"line":30,"column":12},"end":{"line":30,"column":15}},"27":{"start":{"line":35,"column":2},"end":{"line":35,"column":13}}},"fnMap":{"0":{"name":"threeSum","decl":{"start":{"line":1,"column":16},"end":{"line":1,"column":24}},"loc":{"start":{"line":1,"column":53},"end":{"line":36,"column":1}},"line":1},"1":{"name":"(anonymous_1)","decl":{"start":{"line":3,"column":12},"end":{"line":3,"column":13}},"loc":{"start":{"line":3,"column":22},"end":{"line":5,"column":3}},"line":3}},"branchMap":{"0":{"loc":{"start":{"line":9,"column":4},"end":{"line":9,"column":44}},"type":"if","locations":[{"start":{"line":9,"column":4},"end":{"line":9,"column":44}},{"start":{},"end":{}}],"line":9},"1":{"loc":{"start":{"line":12,"column":6},"end":{"line":32,"column":7}},"type":"if","locations":[{"start":{"line":12,"column":6},"end":{"line":32,"column":7}},{"start":{"line":17,"column":13},"end":{"line":32,"column":7}}],"line":12},"2":{"loc":{"start":{"line":14,"column":15},"end":{"line":14,"column":40}},"type":"binary-expr","locations":[{"start":{"line":14,"column":15},"end":{"line":14,"column":18}},{"start":{"line":14,"column":21},"end":{"line":14,"column":40}}],"line":14},"3":{"loc":{"start":{"line":17,"column":13},"end":{"line":32,"column":7}},"type":"if","locations":[{"start":{"line":17,"column":13},"end":{"line":32,"column":7}},{"start":{"line":22,"column":13},"end":{"line":32,"column":7}}],"line":17},"4":{"loc":{"start":{"line":19,"column":15},"end":{"line":19,"column":40}},"type":"binary-expr","locations":[{"start":{"line":19,"column":15},"end":{"line":19,"column":18}},{"start":{"line":19,"column":21},"end":{"line":19,"column":40}}],"line":19},"5":{"loc":{"start":{"line":22,"column":13},"end":{"line":32,"column":7}},"type":"if","locations":[{"start":{"line":22,"column":13},"end":{"line":32,"column":7}},{"start":{},"end":{}}],"line":22},"6":{"loc":{"start":{"line":26,"column":15},"end":{"line":26,"column":40}},"type":"binary-expr","locations":[{"start":{"line":26,"column":15},"end":{"line":26,"column":18}},{"start":{"line":26,"column":21},"end":{"line":26,"column":40}}],"line":26},"7":{"loc":{"start":{"line":29,"column":15},"end":{"line":29,"column":40}},"type":"binary-expr","locations":[{"start":{"line":29,"column":15},"end":{"line":29,"column":18}},{"start":{"line":29,"column":21},"end":{"line":29,"column":40}}],"line":29}},"s":{"0":4,"1":4,"2":18,"3":4,"4":4,"5":17,"6":17,"7":17,"8":6,"9":11,"10":10,"11":10,"12":3,"13":3,"14":1,"15":7,"16":3,"17":3,"18":1,"19":4,"20":4,"21":4,"22":4,"23":4,"24":1,"25":4,"26":0,"27":4},"f":{"0":4,"1":18},"b":{"0":[6,11],"1":[3,7],"2":[4,3],"3":[3,4],"4":[4,1],"5":[4,0],"6":[5,2],"7":[4,1]},"_coverageSchema":"1a1c01bbd47fc00a2c39e90264f33305004495a9","hash":"bf9a8de25f972a8f635768bd960b7e39c9b4e484"}
,"/home/ubuntu/gitee/letcode/src/稀土课堂/数组/两数求和.ts": {"path":"/home/ubuntu/gitee/letcode/src/稀土课堂/数组/两数求和.ts","statementMap":{"0":{"start":{"line":12,"column":4},"end":{"line":18,"column":5}},"1":{"start":{"line":12,"column":17},"end":{"line":12,"column":18}},"2":{"start":{"line":13,"column":7},"end":{"line":17,"column":8}},"3":{"start":{"line":13,"column":20},"end":{"line":13,"column":23}},"4":{"start":{"line":14,"column":9},"end":{"line":16,"column":10}},"5":{"start":{"line":15,"column":12},"end":{"line":15,"column":24}},"6":{"start":{"line":23,"column":16},"end":{"line":23,"column":25}},"7":{"start":{"line":24,"column":4},"end":{"line":30,"column":5}},"8":{"start":{"line":24,"column":21},"end":{"line":24,"column":22}},"9":{"start":{"line":25,"column":7},"end":{"line":29,"column":8}},"10":{"start":{"line":26,"column":8},"end":{"line":26,"column":49}},"11":{"start":{"line":28,"column":8},"end":{"line":28,"column":33}}},"fnMap":{"0":{"name":"twoNumAdd","decl":{"start":{"line":11,"column":16},"end":{"line":11,"column":25}},"loc":{"start":{"line":11,"column":62},"end":{"line":19,"column":1}},"line":11},"1":{"name":"twoNumAdd2","decl":{"start":{"line":22,"column":16},"end":{"line":22,"column":26}},"loc":{"start":{"line":22,"column":56},"end":{"line":31,"column":1}},"line":22}},"branchMap":{"0":{"loc":{"start":{"line":14,"column":9},"end":{"line":16,"column":10}},"type":"if","locations":[{"start":{"line":14,"column":9},"end":{"line":16,"column":10}},{"start":{},"end":{}}],"line":14},"1":{"loc":{"start":{"line":25,"column":7},"end":{"line":29,"column":8}},"type":"if","locations":[{"start":{"line":25,"column":7},"end":{"line":29,"column":8}},{"start":{"line":27,"column":12},"end":{"line":29,"column":8}}],"line":25}},"s":{"0":4,"1":4,"2":7,"3":7,"4":14,"5":4,"6":4,"7":4,"8":4,"9":13,"10":4,"11":9},"f":{"0":4,"1":4},"b":{"0":[4,10],"1":[4,9]},"_coverageSchema":"1a1c01bbd47fc00a2c39e90264f33305004495a9","hash":"63f4fffa872974b9d75eb7783c524430b4ee36ed"}
,"/home/ubuntu/gitee/letcode/src/稀土课堂/数组/合并两个有序数组.ts": {"path":"/home/ubuntu/gitee/letcode/src/稀土课堂/数组/合并两个有序数组.ts","statementMap":{"0":{"start":{"line":12,"column":2},"end":{"line":12,"column":24}},"1":{"start":{"line":12,"column":12},"end":{"line":12,"column":24}},"2":{"start":{"line":13,"column":2},"end":{"line":18,"column":3}},"3":{"start":{"line":14,"column":4},"end":{"line":16,"column":5}},"4":{"start":{"line":14,"column":21},"end":{"line":14,"column":22}},"5":{"start":{"line":15,"column":6},"end":{"line":15,"column":33}},"6":{"start":{"line":17,"column":4},"end":{"line":17,"column":16}},"7":{"start":{"line":19,"column":10},"end":{"line":19,"column":14}},"8":{"start":{"line":20,"column":10},"end":{"line":20,"column":14}},"9":{"start":{"line":21,"column":10},"end":{"line":21,"column":24}},"10":{"start":{"line":22,"column":2},"end":{"line":32,"column":3}},"11":{"start":{"line":23,"column":4},"end":{"line":31,"column":5}},"12":{"start":{"line":24,"column":8},"end":{"line":24,"column":27}},"13":{"start":{"line":25,"column":8},"end":{"line":25,"column":11}},"14":{"start":{"line":26,"column":8},"end":{"line":26,"column":11}},"15":{"start":{"line":28,"column":8},"end":{"line":28,"column":27}},"16":{"start":{"line":29,"column":8},"end":{"line":29,"column":11}},"17":{"start":{"line":30,"column":8},"end":{"line":30,"column":11}},"18":{"start":{"line":33,"column":2},"end":{"line":37,"column":3}},"19":{"start":{"line":34,"column":4},"end":{"line":36,"column":5}},"20":{"start":{"line":34,"column":21},"end":{"line":34,"column":22}},"21":{"start":{"line":35,"column":7},"end":{"line":35,"column":32}},"22":{"start":{"line":38,"column":1},"end":{"line":38,"column":13}},"23":{"start":{"line":43,"column":10},"end":{"line":43,"column":11}},"24":{"start":{"line":44,"column":2},"end":{"line":47,"column":4}},"25":{"start":{"line":45,"column":3},"end":{"line":45,"column":18}},"26":{"start":{"line":46,"column":3},"end":{"line":46,"column":6}},"27":{"start":{"line":48,"column":2},"end":{"line":50,"column":4}},"28":{"start":{"line":49,"column":4},"end":{"line":49,"column":14}},"29":{"start":{"line":51,"column":2},"end":{"line":51,"column":14}}},"fnMap":{"0":{"name":"merge","decl":{"start":{"line":11,"column":16},"end":{"line":11,"column":21}},"loc":{"start":{"line":11,"column":88},"end":{"line":39,"column":1}},"line":11},"1":{"name":"merge2","decl":{"start":{"line":42,"column":16},"end":{"line":42,"column":22}},"loc":{"start":{"line":42,"column":89},"end":{"line":52,"column":1}},"line":42},"2":{"name":"(anonymous_2)","decl":{"start":{"line":44,"column":16},"end":{"line":44,"column":17}},"loc":{"start":{"line":44,"column":21},"end":{"line":47,"column":3}},"line":44},"3":{"name":"(anonymous_3)","decl":{"start":{"line":48,"column":13},"end":{"line":48,"column":14}},"loc":{"start":{"line":48,"column":20},"end":{"line":50,"column":3}},"line":48}},"branchMap":{"0":{"loc":{"start":{"line":12,"column":2},"end":{"line":12,"column":24}},"type":"if","locations":[{"start":{"line":12,"column":2},"end":{"line":12,"column":24}},{"start":{},"end":{}}],"line":12},"1":{"loc":{"start":{"line":13,"column":2},"end":{"line":18,"column":3}},"type":"if","locations":[{"start":{"line":13,"column":2},"end":{"line":18,"column":3}},{"start":{},"end":{}}],"line":13},"2":{"loc":{"start":{"line":22,"column":9},"end":{"line":22,"column":21}},"type":"binary-expr","locations":[{"start":{"line":22,"column":9},"end":{"line":22,"column":13}},{"start":{"line":22,"column":17},"end":{"line":22,"column":21}}],"line":22},"3":{"loc":{"start":{"line":23,"column":4},"end":{"line":31,"column":5}},"type":"if","locations":[{"start":{"line":23,"column":4},"end":{"line":31,"column":5}},{"start":{"line":27,"column":9},"end":{"line":31,"column":5}}],"line":23},"4":{"loc":{"start":{"line":33,"column":2},"end":{"line":37,"column":3}},"type":"if","locations":[{"start":{"line":33,"column":2},"end":{"line":37,"column":3}},{"start":{},"end":{}}],"line":33},"5":{"loc":{"start":{"line":33,"column":5},"end":{"line":33,"column":16}},"type":"binary-expr","locations":[{"start":{"line":33,"column":5},"end":{"line":33,"column":8}},{"start":{"line":33,"column":12},"end":{"line":33,"column":16}}],"line":33}},"s":{"0":5,"1":0,"2":5,"3":1,"4":1,"5":1,"6":1,"7":4,"8":4,"9":4,"10":4,"11":15,"12":5,"13":5,"14":5,"15":10,"16":10,"17":10,"18":4,"19":1,"20":1,"21":1,"22":4,"23":5,"24":5,"25":12,"26":12,"27":5,"28":33,"29":5},"f":{"0":5,"1":5,"2":12,"3":33},"b":{"0":[0,5],"1":[1,4],"2":[19,18],"3":[5,10],"4":[1,3],"5":[4,1]},"_coverageSchema":"1a1c01bbd47fc00a2c39e90264f33305004495a9","hash":"0ca507b5ca13e8aae46dc0a9e5481da49e98f6f4"}
,"/home/ubuntu/gitee/letcode/src/稀土课堂/链表/删除链表的倒数第 N 个结点.ts": {"path":"/home/ubuntu/gitee/letcode/src/稀土课堂/链表/删除链表的倒数第 N 个结点.ts","statementMap":{"0":{"start":{"line":14,"column":4},"end":{"line":14,"column":25}},"1":{"start":{"line":14,"column":14},"end":{"line":14,"column":25}},"2":{"start":{"line":15,"column":17},"end":{"line":15,"column":40}},"3":{"start":{"line":16,"column":15},"end":{"line":16,"column":19}},"4":{"start":{"line":17,"column":14},"end":{"line":17,"column":18}},"5":{"start":{"line":18,"column":4},"end":{"line":21,"column":5}},"6":{"start":{"line":19,"column":8},"end":{"line":19,"column":24}},"7":{"start":{"line":20,"column":8},"end":{"line":20,"column":11}},"8":{"start":{"line":22,"column":4},"end":{"line":25,"column":5}},"9":{"start":{"line":23,"column":7},"end":{"line":23,"column":21}},"10":{"start":{"line":24,"column":7},"end":{"line":24,"column":23}},"11":{"start":{"line":26,"column":4},"end":{"line":26,"column":28}},"12":{"start":{"line":27,"column":4},"end":{"line":27,"column":20}},"13":{"start":{"line":31,"column":4},"end":{"line":31,"column":25}},"14":{"start":{"line":31,"column":14},"end":{"line":31,"column":25}},"15":{"start":{"line":32,"column":27},"end":{"line":32,"column":29}},"16":{"start":{"line":33,"column":17},"end":{"line":33,"column":40}},"17":{"start":{"line":34,"column":14},"end":{"line":34,"column":18}},"18":{"start":{"line":35,"column":4},"end":{"line":38,"column":5}},"19":{"start":{"line":36,"column":7},"end":{"line":36,"column":20}},"20":{"start":{"line":37,"column":7},"end":{"line":37,"column":21}},"21":{"start":{"line":39,"column":4},"end":{"line":39,"column":53}},"22":{"start":{"line":40,"column":4},"end":{"line":40,"column":20}}},"fnMap":{"0":{"name":"removeNthFromEnd","decl":{"start":{"line":13,"column":16},"end":{"line":13,"column":32}},"loc":{"start":{"line":13,"column":84},"end":{"line":28,"column":1}},"line":13},"1":{"name":"removeNthFromEnd2","decl":{"start":{"line":30,"column":16},"end":{"line":30,"column":33}},"loc":{"start":{"line":30,"column":85},"end":{"line":41,"column":1}},"line":30}},"branchMap":{"0":{"loc":{"start":{"line":14,"column":4},"end":{"line":14,"column":25}},"type":"if","locations":[{"start":{"line":14,"column":4},"end":{"line":14,"column":25}},{"start":{},"end":{}}],"line":14},"1":{"loc":{"start":{"line":31,"column":4},"end":{"line":31,"column":25}},"type":"if","locations":[{"start":{"line":31,"column":4},"end":{"line":31,"column":25}},{"start":{},"end":{}}],"line":31}},"s":{"0":5,"1":1,"2":4,"3":4,"4":4,"5":4,"6":9,"7":9,"8":4,"9":7,"10":7,"11":4,"12":4,"13":0,"14":0,"15":0,"16":0,"17":0,"18":0,"19":0,"20":0,"21":0,"22":0},"f":{"0":5,"1":0},"b":{"0":[1,4],"1":[0,0]},"_coverageSchema":"1a1c01bbd47fc00a2c39e90264f33305004495a9","hash":"b505112ab00c3d3551716aad47ae21a2cd47aa28"}
,"/home/ubuntu/gitee/letcode/src/稀土课堂/链表/反转链表.ts": {"path":"/home/ubuntu/gitee/letcode/src/稀土课堂/链表/反转链表.ts","statementMap":{"0":{"start":{"line":14,"column":2},"end":{"line":14,"column":39}},"1":{"start":{"line":14,"column":27},"end":{"line":14,"column":39}},"2":{"start":{"line":15,"column":15},"end":{"line":15,"column":39}},"3":{"start":{"line":16,"column":12},"end":{"line":16,"column":16}},"4":{"start":{"line":18,"column":4},"end":{"line":18,"column":22}},"5":{"start":{"line":18,"column":15},"end":{"line":18,"column":22}},"6":{"start":{"line":19,"column":4},"end":{"line":19,"column":19}},"7":{"start":{"line":20,"column":4},"end":{"line":20,"column":20}},"8":{"start":{"line":21,"column":4},"end":{"line":23,"column":5}},"9":{"start":{"line":22,"column":6},"end":{"line":22,"column":23}},"10":{"start":{"line":24,"column":4},"end":{"line":24,"column":19}},"11":{"start":{"line":27,"column":2},"end":{"line":27,"column":12}},"12":{"start":{"line":28,"column":2},"end":{"line":28,"column":19}},"13":{"start":{"line":33,"column":2},"end":{"line":33,"column":39}},"14":{"start":{"line":33,"column":27},"end":{"line":33,"column":39}},"15":{"start":{"line":34,"column":15},"end":{"line":34,"column":39}},"16":{"start":{"line":35,"column":12},"end":{"line":35,"column":21}},"17":{"start":{"line":36,"column":2},"end":{"line":36,"column":19}},"18":{"start":{"line":37,"column":2},"end":{"line":42,"column":3}},"19":{"start":{"line":38,"column":14},"end":{"line":38,"column":22}},"20":{"start":{"line":39,"column":4},"end":{"line":39,"column":25}},"21":{"start":{"line":40,"column":4},"end":{"line":40,"column":20}},"22":{"start":{"line":41,"column":4},"end":{"line":41,"column":14}},"23":{"start":{"line":43,"column":2},"end":{"line":43,"column":19}},"24":{"start":{"line":47,"column":2},"end":{"line":47,"column":39}},"25":{"start":{"line":47,"column":27},"end":{"line":47,"column":39}},"26":{"start":{"line":48,"column":12},"end":{"line":48,"column":16}},"27":{"start":{"line":49,"column":12},"end":{"line":49,"column":20}},"28":{"start":{"line":50,"column":14},"end":{"line":50,"column":22}},"29":{"start":{"line":51,"column":2},"end":{"line":51,"column":18}},"30":{"start":{"line":52,"column":2},"end":{"line":59,"column":3}},"31":{"start":{"line":53,"column":4},"end":{"line":53,"column":19}},"32":{"start":{"line":54,"column":4},"end":{"line":54,"column":14}},"33":{"start":{"line":55,"column":4},"end":{"line":55,"column":16}},"34":{"start":{"line":56,"column":4},"end":{"line":58,"column":5}},"35":{"start":{"line":57,"column":6},"end":{"line":57,"column":25}},"36":{"start":{"line":60,"column":2},"end":{"line":60,"column":13}}},"fnMap":{"0":{"name":"reverseList","decl":{"start":{"line":13,"column":16},"end":{"line":13,"column":27}},"loc":{"start":{"line":13,"column":68},"end":{"line":29,"column":1}},"line":13},"1":{"name":"one","decl":{"start":{"line":17,"column":11},"end":{"line":17,"column":14}},"loc":{"start":{"line":17,"column":38},"end":{"line":25,"column":3}},"line":17},"2":{"name":"reverseList3","decl":{"start":{"line":32,"column":16},"end":{"line":32,"column":28}},"loc":{"start":{"line":32,"column":69},"end":{"line":44,"column":1}},"line":32},"3":{"name":"reverseList2","decl":{"start":{"line":46,"column":16},"end":{"line":46,"column":28}},"loc":{"start":{"line":46,"column":69},"end":{"line":61,"column":1}},"line":46}},"branchMap":{"0":{"loc":{"start":{"line":14,"column":2},"end":{"line":14,"column":39}},"type":"if","locations":[{"start":{"line":14,"column":2},"end":{"line":14,"column":39}},{"start":{},"end":{}}],"line":14},"1":{"loc":{"start":{"line":14,"column":6},"end":{"line":14,"column":25}},"type":"binary-expr","locations":[{"start":{"line":14,"column":6},"end":{"line":14,"column":11}},{"start":{"line":14,"column":15},"end":{"line":14,"column":25}}],"line":14},"2":{"loc":{"start":{"line":18,"column":4},"end":{"line":18,"column":22}},"type":"if","locations":[{"start":{"line":18,"column":4},"end":{"line":18,"column":22}},{"start":{},"end":{}}],"line":18},"3":{"loc":{"start":{"line":21,"column":4},"end":{"line":23,"column":5}},"type":"if","locations":[{"start":{"line":21,"column":4},"end":{"line":23,"column":5}},{"start":{},"end":{}}],"line":21},"4":{"loc":{"start":{"line":33,"column":2},"end":{"line":33,"column":39}},"type":"if","locations":[{"start":{"line":33,"column":2},"end":{"line":33,"column":39}},{"start":{},"end":{}}],"line":33},"5":{"loc":{"start":{"line":33,"column":6},"end":{"line":33,"column":25}},"type":"binary-expr","locations":[{"start":{"line":33,"column":6},"end":{"line":33,"column":11}},{"start":{"line":33,"column":15},"end":{"line":33,"column":25}}],"line":33},"6":{"loc":{"start":{"line":47,"column":2},"end":{"line":47,"column":39}},"type":"if","locations":[{"start":{"line":47,"column":2},"end":{"line":47,"column":39}},{"start":{},"end":{}}],"line":47},"7":{"loc":{"start":{"line":47,"column":6},"end":{"line":47,"column":25}},"type":"binary-expr","locations":[{"start":{"line":47,"column":6},"end":{"line":47,"column":11}},{"start":{"line":47,"column":15},"end":{"line":47,"column":25}}],"line":47},"8":{"loc":{"start":{"line":56,"column":4},"end":{"line":58,"column":5}},"type":"if","locations":[{"start":{"line":56,"column":4},"end":{"line":58,"column":5}},{"start":{},"end":{}}],"line":56}},"s":{"0":3,"1":2,"2":1,"3":1,"4":6,"5":1,"6":5,"7":5,"8":5,"9":1,"10":5,"11":1,"12":1,"13":0,"14":0,"15":0,"16":0,"17":0,"18":0,"19":0,"20":0,"21":0,"22":0,"23":0,"24":0,"25":0,"26":0,"27":0,"28":0,"29":0,"30":0,"31":0,"32":0,"33":0,"34":0,"35":0,"36":0},"f":{"0":3,"1":6,"2":0,"3":0},"b":{"0":[2,1],"1":[3,2],"2":[1,5],"3":[1,4],"4":[0,0],"5":[0,0],"6":[0,0],"7":[0,0],"8":[0,0]},"_coverageSchema":"1a1c01bbd47fc00a2c39e90264f33305004495a9","hash":"07eb844cbec1b052e1ce399051edf0d81b997df0"}
,"/home/ubuntu/gitee/letcode/src/稀土课堂/链表/排序链表删除所有重复节点.ts": {"path":"/home/ubuntu/gitee/letcode/src/稀土课堂/链表/排序链表删除所有重复节点.ts","statementMap":{"0":{"start":{"line":12,"column":21},"end":{"line":27,"column":1}},"1":{"start":{"line":13,"column":2},"end":{"line":13,"column":28}},"2":{"start":{"line":13,"column":17},"end":{"line":13,"column":28}},"3":{"start":{"line":14,"column":13},"end":{"line":14,"column":34}},"4":{"start":{"line":15,"column":12},"end":{"line":15,"column":16}},"5":{"start":{"line":16,"column":2},"end":{"line":25,"column":3}},"6":{"start":{"line":17,"column":4},"end":{"line":24,"column":5}},"7":{"start":{"line":18,"column":18},"end":{"line":18,"column":30}},"8":{"start":{"line":19,"column":8},"end":{"line":21,"column":9}},"9":{"start":{"line":20,"column":12},"end":{"line":20,"column":36}},"10":{"start":{"line":23,"column":8},"end":{"line":23,"column":22}},"11":{"start":{"line":26,"column":2},"end":{"line":26,"column":19}}},"fnMap":{"0":{"name":"(anonymous_0)","decl":{"start":{"line":12,"column":21},"end":{"line":12,"column":22}},"loc":{"start":{"line":12,"column":51},"end":{"line":27,"column":1}},"line":12}},"branchMap":{"0":{"loc":{"start":{"line":13,"column":2},"end":{"line":13,"column":28}},"type":"if","locations":[{"start":{"line":13,"column":2},"end":{"line":13,"column":28}},{"start":{},"end":{}}],"line":13},"1":{"loc":{"start":{"line":16,"column":9},"end":{"line":16,"column":34}},"type":"binary-expr","locations":[{"start":{"line":16,"column":9},"end":{"line":16,"column":17}},{"start":{"line":16,"column":21},"end":{"line":16,"column":34}}],"line":16},"2":{"loc":{"start":{"line":17,"column":4},"end":{"line":24,"column":5}},"type":"if","locations":[{"start":{"line":17,"column":4},"end":{"line":24,"column":5}},{"start":{"line":22,"column":9},"end":{"line":24,"column":5}}],"line":17},"3":{"loc":{"start":{"line":19,"column":14},"end":{"line":19,"column":46}},"type":"binary-expr","locations":[{"start":{"line":19,"column":14},"end":{"line":19,"column":22}},{"start":{"line":19,"column":26},"end":{"line":19,"column":46}}],"line":19}},"s":{"0":1,"1":1,"2":0,"3":1,"4":1,"5":1,"6":5,"7":2,"8":2,"9":4,"10":3,"11":1},"f":{"0":1},"b":{"0":[0,1],"1":[6,5],"2":[2,3],"3":[6,5]},"_coverageSchema":"1a1c01bbd47fc00a2c39e90264f33305004495a9","hash":"af76b653dbf23adcea737dbf26f56e48dccb7b0f"}
,"/home/ubuntu/gitee/letcode/src/稀土课堂/链表/有序链表删除重复节点.ts": {"path":"/home/ubuntu/gitee/letcode/src/稀土课堂/链表/有序链表删除重复节点.ts","statementMap":{"0":{"start":{"line":11,"column":25},"end":{"line":24,"column":1}},"1":{"start":{"line":12,"column":3},"end":{"line":12,"column":25}},"2":{"start":{"line":12,"column":14},"end":{"line":12,"column":25}},"3":{"start":{"line":13,"column":13},"end":{"line":13,"column":17}},"4":{"start":{"line":14,"column":3},"end":{"line":20,"column":4}},"5":{"start":{"line":15,"column":5},"end":{"line":19,"column":6}},"6":{"start":{"line":16,"column":8},"end":{"line":16,"column":32}},"7":{"start":{"line":18,"column":8},"end":{"line":18,"column":22}},"8":{"start":{"line":22,"column":3},"end":{"line":22,"column":14}}},"fnMap":{"0":{"name":"(anonymous_0)","decl":{"start":{"line":11,"column":25},"end":{"line":11,"column":26}},"loc":{"start":{"line":11,"column":67},"end":{"line":24,"column":1}},"line":11}},"branchMap":{"0":{"loc":{"start":{"line":12,"column":3},"end":{"line":12,"column":25}},"type":"if","locations":[{"start":{"line":12,"column":3},"end":{"line":12,"column":25}},{"start":{},"end":{}}],"line":12},"1":{"loc":{"start":{"line":14,"column":10},"end":{"line":14,"column":26}},"type":"binary-expr","locations":[{"start":{"line":14,"column":10},"end":{"line":14,"column":13}},{"start":{"line":14,"column":18},"end":{"line":14,"column":26}}],"line":14},"2":{"loc":{"start":{"line":15,"column":5},"end":{"line":19,"column":6}},"type":"if","locations":[{"start":{"line":15,"column":5},"end":{"line":19,"column":6}},{"start":{"line":17,"column":10},"end":{"line":19,"column":6}}],"line":15}},"s":{"0":1,"1":3,"2":1,"3":2,"4":2,"5":8,"6":2,"7":6,"8":2},"f":{"0":3},"b":{"0":[1,2],"1":[10,10],"2":[2,6]},"_coverageSchema":"1a1c01bbd47fc00a2c39e90264f33305004495a9","hash":"01b3102510176b40d2cf808d1567ab904ed9d610"}
,"/home/ubuntu/gitee/letcode/src/稀土课堂/链表/有序链表合并.ts": {"path":"/home/ubuntu/gitee/letcode/src/稀土课堂/链表/有序链表合并.ts","statementMap":{"0":{"start":{"line":13,"column":2},"end":{"line":13,"column":25}},"1":{"start":{"line":13,"column":13},"end":{"line":13,"column":25}},"2":{"start":{"line":14,"column":2},"end":{"line":14,"column":25}},"3":{"start":{"line":14,"column":13},"end":{"line":14,"column":25}},"4":{"start":{"line":15,"column":12},"end":{"line":15,"column":17}},"5":{"start":{"line":16,"column":12},"end":{"line":16,"column":17}},"6":{"start":{"line":17,"column":15},"end":{"line":17,"column":35}},"7":{"start":{"line":18,"column":12},"end":{"line":18,"column":16}},"8":{"start":{"line":19,"column":2},"end":{"line":29,"column":3}},"9":{"start":{"line":20,"column":4},"end":{"line":28,"column":5}},"10":{"start":{"line":21,"column":8},"end":{"line":21,"column":22}},"11":{"start":{"line":22,"column":8},"end":{"line":22,"column":22}},"12":{"start":{"line":23,"column":8},"end":{"line":23,"column":22}},"13":{"start":{"line":25,"column":8},"end":{"line":25,"column":22}},"14":{"start":{"line":26,"column":8},"end":{"line":26,"column":22}},"15":{"start":{"line":27,"column":8},"end":{"line":27,"column":22}},"16":{"start":{"line":30,"column":2},"end":{"line":32,"column":3}},"17":{"start":{"line":31,"column":4},"end":{"line":31,"column":18}},"18":{"start":{"line":33,"column":2},"end":{"line":35,"column":3}},"19":{"start":{"line":34,"column":4},"end":{"line":34,"column":18}},"20":{"start":{"line":37,"column":2},"end":{"line":37,"column":18}}},"fnMap":{"0":{"name":"mergeTwoLists","decl":{"start":{"line":12,"column":16},"end":{"line":12,"column":29}},"loc":{"start":{"line":12,"column":95},"end":{"line":38,"column":1}},"line":12}},"branchMap":{"0":{"loc":{"start":{"line":13,"column":2},"end":{"line":13,"column":25}},"type":"if","locations":[{"start":{"line":13,"column":2},"end":{"line":13,"column":25}},{"start":{},"end":{}}],"line":13},"1":{"loc":{"start":{"line":14,"column":2},"end":{"line":14,"column":25}},"type":"if","locations":[{"start":{"line":14,"column":2},"end":{"line":14,"column":25}},{"start":{},"end":{}}],"line":14},"2":{"loc":{"start":{"line":19,"column":9},"end":{"line":19,"column":19}},"type":"binary-expr","locations":[{"start":{"line":19,"column":9},"end":{"line":19,"column":12}},{"start":{"line":19,"column":16},"end":{"line":19,"column":19}}],"line":19},"3":{"loc":{"start":{"line":20,"column":4},"end":{"line":28,"column":5}},"type":"if","locations":[{"start":{"line":20,"column":4},"end":{"line":28,"column":5}},{"start":{"line":24,"column":9},"end":{"line":28,"column":5}}],"line":20},"4":{"loc":{"start":{"line":30,"column":2},"end":{"line":32,"column":3}},"type":"if","locations":[{"start":{"line":30,"column":2},"end":{"line":32,"column":3}},{"start":{},"end":{}}],"line":30},"5":{"loc":{"start":{"line":33,"column":2},"end":{"line":35,"column":3}},"type":"if","locations":[{"start":{"line":33,"column":2},"end":{"line":35,"column":3}},{"start":{},"end":{}}],"line":33}},"s":{"0":4,"1":1,"2":3,"3":1,"4":2,"5":2,"6":2,"7":2,"8":2,"9":13,"10":6,"11":6,"12":6,"13":7,"14":7,"15":7,"16":2,"17":1,"18":2,"19":1,"20":2},"f":{"0":4},"b":{"0":[1,3],"1":[1,2],"2":[15,14],"3":[6,7],"4":[1,1],"5":[1,1]},"_coverageSchema":"1a1c01bbd47fc00a2c39e90264f33305004495a9","hash":"99471b17a040c7a7645aaf8a676bfc7117618198"}
,"/home/ubuntu/gitee/letcode/src/程序员面试金典/11.返回倒数第k个节点.ts": {"path":"/home/ubuntu/gitee/letcode/src/程序员面试金典/11.返回倒数第k个节点.ts","statementMap":{"0":{"start":{"line":14,"column":14},"end":{"line":14,"column":16}},"1":{"start":{"line":15,"column":12},"end":{"line":15,"column":16}},"2":{"start":{"line":16,"column":2},"end":{"line":19,"column":3}},"3":{"start":{"line":17,"column":4},"end":{"line":17,"column":22}},"4":{"start":{"line":18,"column":4},"end":{"line":18,"column":19}},"5":{"start":{"line":20,"column":2},"end":{"line":20,"column":29}},"6":{"start":{"line":24,"column":13},"end":{"line":24,"column":17}},"7":{"start":{"line":25,"column":12},"end":{"line":25,"column":16}},"8":{"start":{"line":26,"column":2},"end":{"line":28,"column":3}},"9":{"start":{"line":27,"column":4},"end":{"line":27,"column":21}},"10":{"start":{"line":29,"column":2},"end":{"line":32,"column":3}},"11":{"start":{"line":30,"column":4},"end":{"line":30,"column":21}},"12":{"start":{"line":31,"column":4},"end":{"line":31,"column":19}},"13":{"start":{"line":33,"column":2},"end":{"line":33,"column":27}},"14":{"start":{"line":35,"column":13},"end":{"line":35,"column":42}},"15":{"start":{"line":36,"column":0},"end":{"line":36,"column":38}}},"fnMap":{"0":{"name":"kthToLast","decl":{"start":{"line":13,"column":16},"end":{"line":13,"column":25}},"loc":{"start":{"line":13,"column":68},"end":{"line":21,"column":1}},"line":13},"1":{"name":"kthToLast2","decl":{"start":{"line":23,"column":16},"end":{"line":23,"column":26}},"loc":{"start":{"line":23,"column":69},"end":{"line":34,"column":1}},"line":23}},"branchMap":{},"s":{"0":1,"1":1,"2":1,"3":5,"4":5,"5":1,"6":2,"7":2,"8":2,"9":4,"10":2,"11":6,"12":6,"13":2,"14":1,"15":1},"f":{"0":1,"1":2},"b":{},"_coverageSchema":"1a1c01bbd47fc00a2c39e90264f33305004495a9","hash":"b6c2aa4f61d20080d919980fc0a9201176933488"}
,"/home/ubuntu/gitee/letcode/src/程序员面试金典/13.分割链表.ts": {"path":"/home/ubuntu/gitee/letcode/src/程序员面试金典/13.分割链表.ts","statementMap":{"0":{"start":{"line":26,"column":2},"end":{"line":26,"column":39}},"1":{"start":{"line":26,"column":27},"end":{"line":26,"column":39}},"2":{"start":{"line":27,"column":12},"end":{"line":27,"column":16}},"3":{"start":{"line":28,"column":25},"end":{"line":28,"column":27}},"4":{"start":{"line":29,"column":25},"end":{"line":29,"column":27}},"5":{"start":{"line":30,"column":2},"end":{"line":37,"column":3}},"6":{"start":{"line":31,"column":4},"end":{"line":35,"column":5}},"7":{"start":{"line":32,"column":6},"end":{"line":32,"column":21}},"8":{"start":{"line":34,"column":6},"end":{"line":34,"column":21}},"9":{"start":{"line":36,"column":4},"end":{"line":36,"column":19}},"10":{"start":{"line":38,"column":12},"end":{"line":38,"column":30}},"11":{"start":{"line":39,"column":13},"end":{"line":39,"column":19}},"12":{"start":{"line":40,"column":2},"end":{"line":43,"column":3}},"13":{"start":{"line":40,"column":19},"end":{"line":40,"column":20}},"14":{"start":{"line":41,"column":4},"end":{"line":41,"column":27}},"15":{"start":{"line":42,"column":4},"end":{"line":42,"column":21}},"16":{"start":{"line":44,"column":2},"end":{"line":44,"column":34}},"17":{"start":{"line":45,"column":2},"end":{"line":45,"column":16}},"18":{"start":{"line":49,"column":2},"end":{"line":49,"column":39}},"19":{"start":{"line":49,"column":27},"end":{"line":49,"column":39}},"20":{"start":{"line":50,"column":26},"end":{"line":50,"column":28}},"21":{"start":{"line":51,"column":15},"end":{"line":51,"column":36}},"22":{"start":{"line":52,"column":12},"end":{"line":52,"column":16}},"23":{"start":{"line":53,"column":12},"end":{"line":53,"column":16}},"24":{"start":{"line":54,"column":2},"end":{"line":63,"column":3}},"25":{"start":{"line":55,"column":4},"end":{"line":62,"column":5}},"26":{"start":{"line":56,"column":6},"end":{"line":56,"column":16}},"27":{"start":{"line":57,"column":6},"end":{"line":57,"column":21}},"28":{"start":{"line":59,"column":6},"end":{"line":59,"column":20}},"29":{"start":{"line":60,"column":6},"end":{"line":60,"column":26}},"30":{"start":{"line":61,"column":6},"end":{"line":61,"column":21}},"31":{"start":{"line":64,"column":2},"end":{"line":66,"column":3}},"32":{"start":{"line":65,"column":4},"end":{"line":65,"column":36}},"33":{"start":{"line":67,"column":2},"end":{"line":70,"column":5}},"34":{"start":{"line":68,"column":4},"end":{"line":68,"column":20}},"35":{"start":{"line":69,"column":4},"end":{"line":69,"column":19}},"36":{"start":{"line":71,"column":2},"end":{"line":71,"column":19}},"37":{"start":{"line":75,"column":20},"end":{"line":75,"column":41}},"38":{"start":{"line":76,"column":20},"end":{"line":76,"column":41}},"39":{"start":{"line":77,"column":14},"end":{"line":77,"column":23}},"40":{"start":{"line":78,"column":14},"end":{"line":78,"column":23}},"41":{"start":{"line":79,"column":12},"end":{"line":79,"column":16}},"42":{"start":{"line":80,"column":2},"end":{"line":90,"column":3}},"43":{"start":{"line":81,"column":4},"end":{"line":89,"column":5}},"44":{"start":{"line":82,"column":6},"end":{"line":82,"column":23}},"45":{"start":{"line":83,"column":6},"end":{"line":83,"column":25}},"46":{"start":{"line":84,"column":6},"end":{"line":84,"column":21}},"47":{"start":{"line":86,"column":6},"end":{"line":86,"column":23}},"48":{"start":{"line":87,"column":6},"end":{"line":87,"column":25}},"49":{"start":{"line":88,"column":6},"end":{"line":88,"column":21}},"50":{"start":{"line":91,"column":2},"end":{"line":91,"column":20}},"51":{"start":{"line":92,"column":2},"end":{"line":92,"column":20}},"52":{"start":{"line":93,"column":2},"end":{"line":93,"column":30}},"53":{"start":{"line":94,"column":2},"end":{"line":94,"column":24}}},"fnMap":{"0":{"name":"partition","decl":{"start":{"line":25,"column":16},"end":{"line":25,"column":25}},"loc":{"start":{"line":25,"column":77},"end":{"line":46,"column":1}},"line":25},"1":{"name":"partition2","decl":{"start":{"line":48,"column":16},"end":{"line":48,"column":26}},"loc":{"start":{"line":48,"column":78},"end":{"line":72,"column":1}},"line":48},"2":{"name":"(anonymous_2)","decl":{"start":{"line":67,"column":14},"end":{"line":67,"column":15}},"loc":{"start":{"line":67,"column":24},"end":{"line":70,"column":3}},"line":67},"3":{"name":"partition3","decl":{"start":{"line":74,"column":16},"end":{"line":74,"column":26}},"loc":{"start":{"line":74,"column":78},"end":{"line":95,"column":1}},"line":74}},"branchMap":{"0":{"loc":{"start":{"line":26,"column":2},"end":{"line":26,"column":39}},"type":"if","locations":[{"start":{"line":26,"column":2},"end":{"line":26,"column":39}},{"start":{},"end":{}}],"line":26},"1":{"loc":{"start":{"line":26,"column":6},"end":{"line":26,"column":25}},"type":"binary-expr","locations":[{"start":{"line":26,"column":6},"end":{"line":26,"column":11}},{"start":{"line":26,"column":15},"end":{"line":26,"column":25}}],"line":26},"2":{"loc":{"start":{"line":31,"column":4},"end":{"line":35,"column":5}},"type":"if","locations":[{"start":{"line":31,"column":4},"end":{"line":35,"column":5}},{"start":{"line":33,"column":11},"end":{"line":35,"column":5}}],"line":31},"3":{"loc":{"start":{"line":49,"column":2},"end":{"line":49,"column":39}},"type":"if","locations":[{"start":{"line":49,"column":2},"end":{"line":49,"column":39}},{"start":{},"end":{}}],"line":49},"4":{"loc":{"start":{"line":49,"column":6},"end":{"line":49,"column":25}},"type":"binary-expr","locations":[{"start":{"line":49,"column":6},"end":{"line":49,"column":11}},{"start":{"line":49,"column":15},"end":{"line":49,"column":25}}],"line":49},"5":{"loc":{"start":{"line":55,"column":4},"end":{"line":62,"column":5}},"type":"if","locations":[{"start":{"line":55,"column":4},"end":{"line":62,"column":5}},{"start":{"line":58,"column":11},"end":{"line":62,"column":5}}],"line":55},"6":{"loc":{"start":{"line":64,"column":2},"end":{"line":66,"column":3}},"type":"if","locations":[{"start":{"line":64,"column":2},"end":{"line":66,"column":3}},{"start":{},"end":{}}],"line":64},"7":{"loc":{"start":{"line":81,"column":4},"end":{"line":89,"column":5}},"type":"if","locations":[{"start":{"line":81,"column":4},"end":{"line":89,"column":5}},{"start":{"line":85,"column":11},"end":{"line":89,"column":5}}],"line":81}},"s":{"0":5,"1":0,"2":5,"3":5,"4":5,"5":5,"6":23,"7":11,"8":12,"9":23,"10":5,"11":5,"12":5,"13":5,"14":18,"15":18,"16":5,"17":5,"18":2,"19":0,"20":2,"21":2,"22":2,"23":2,"24":2,"25":8,"26":4,"27":4,"28":4,"29":4,"30":4,"31":2,"32":2,"33":2,"34":4,"35":4,"36":2,"37":2,"38":2,"39":2,"40":2,"41":2,"42":2,"43":8,"44":4,"45":4,"46":4,"47":4,"48":4,"49":4,"50":2,"51":2,"52":2,"53":2},"f":{"0":5,"1":2,"2":4,"3":2},"b":{"0":[0,5],"1":[5,5],"2":[11,12],"3":[0,2],"4":[2,2],"5":[4,4],"6":[2,0],"7":[4,4]},"_coverageSchema":"1a1c01bbd47fc00a2c39e90264f33305004495a9","hash":"b5b32fee09952b0955755d83bc8a497d2477c6aa"}
,"/home/ubuntu/gitee/letcode/src/程序员面试金典/14.链表求和.ts": {"path":"/home/ubuntu/gitee/letcode/src/程序员面试金典/14.链表求和.ts","statementMap":{"0":{"start":{"line":16,"column":2},"end":{"line":16,"column":30}},"1":{"start":{"line":16,"column":18},"end":{"line":16,"column":30}},"2":{"start":{"line":17,"column":12},"end":{"line":17,"column":14}},"3":{"start":{"line":18,"column":12},"end":{"line":18,"column":14}},"4":{"start":{"line":19,"column":13},"end":{"line":19,"column":34}},"5":{"start":{"line":20,"column":12},"end":{"line":20,"column":16}},"6":{"start":{"line":21,"column":13},"end":{"line":21,"column":14}},"7":{"start":{"line":22,"column":2},"end":{"line":31,"column":3}},"8":{"start":{"line":23,"column":17},"end":{"line":23,"column":38}},"9":{"start":{"line":24,"column":16},"end":{"line":24,"column":64}},"10":{"start":{"line":25,"column":4},"end":{"line":25,"column":24}},"11":{"start":{"line":26,"column":4},"end":{"line":26,"column":32}},"12":{"start":{"line":27,"column":4},"end":{"line":27,"column":20}},"13":{"start":{"line":28,"column":4},"end":{"line":28,"column":19}},"14":{"start":{"line":29,"column":4},"end":{"line":29,"column":19}},"15":{"start":{"line":30,"column":4},"end":{"line":30,"column":19}},"16":{"start":{"line":32,"column":2},"end":{"line":40,"column":3}},"17":{"start":{"line":33,"column":17},"end":{"line":33,"column":38}},"18":{"start":{"line":34,"column":16},"end":{"line":34,"column":42}},"19":{"start":{"line":35,"column":4},"end":{"line":35,"column":24}},"20":{"start":{"line":36,"column":4},"end":{"line":36,"column":32}},"21":{"start":{"line":37,"column":4},"end":{"line":37,"column":20}},"22":{"start":{"line":38,"column":4},"end":{"line":38,"column":19}},"23":{"start":{"line":39,"column":4},"end":{"line":39,"column":19}},"24":{"start":{"line":42,"column":2},"end":{"line":50,"column":3}},"25":{"start":{"line":43,"column":17},"end":{"line":43,"column":38}},"26":{"start":{"line":44,"column":16},"end":{"line":44,"column":42}},"27":{"start":{"line":45,"column":4},"end":{"line":45,"column":24}},"28":{"start":{"line":46,"column":4},"end":{"line":46,"column":32}},"29":{"start":{"line":47,"column":4},"end":{"line":47,"column":20}},"30":{"start":{"line":48,"column":4},"end":{"line":48,"column":19}},"31":{"start":{"line":49,"column":4},"end":{"line":49,"column":19}},"32":{"start":{"line":51,"column":2},"end":{"line":55,"column":3}},"33":{"start":{"line":52,"column":17},"end":{"line":52,"column":38}},"34":{"start":{"line":53,"column":4},"end":{"line":53,"column":20}},"35":{"start":{"line":54,"column":4},"end":{"line":54,"column":20}},"36":{"start":{"line":56,"column":2},"end":{"line":56,"column":19}}},"fnMap":{"0":{"name":"addTwoNumbers","decl":{"start":{"line":12,"column":16},"end":{"line":12,"column":29}},"loc":{"start":{"line":15,"column":19},"end":{"line":57,"column":1}},"line":15}},"branchMap":{"0":{"loc":{"start":{"line":16,"column":2},"end":{"line":16,"column":30}},"type":"if","locations":[{"start":{"line":16,"column":2},"end":{"line":16,"column":30}},{"start":{},"end":{}}],"line":16},"1":{"loc":{"start":{"line":16,"column":6},"end":{"line":16,"column":16}},"type":"binary-expr","locations":[{"start":{"line":16,"column":6},"end":{"line":16,"column":9}},{"start":{"line":16,"column":13},"end":{"line":16,"column":16}}],"line":16},"2":{"loc":{"start":{"line":22,"column":9},"end":{"line":22,"column":19}},"type":"binary-expr","locations":[{"start":{"line":22,"column":9},"end":{"line":22,"column":12}},{"start":{"line":22,"column":16},"end":{"line":22,"column":19}}],"line":22},"3":{"loc":{"start":{"line":51,"column":2},"end":{"line":55,"column":3}},"type":"if","locations":[{"start":{"line":51,"column":2},"end":{"line":55,"column":3}},{"start":{},"end":{}}],"line":51}},"s":{"0":5,"1":0,"2":5,"3":5,"4":5,"5":5,"6":5,"7":5,"8":15,"9":15,"10":15,"11":15,"12":15,"13":15,"14":15,"15":15,"16":5,"17":1,"18":1,"19":1,"20":1,"21":1,"22":1,"23":1,"24":5,"25":1,"26":1,"27":1,"28":1,"29":1,"30":1,"31":1,"32":5,"33":3,"34":3,"35":3,"36":5},"f":{"0":5},"b":{"0":[0,5],"1":[5,5],"2":[20,16],"3":[3,2]},"_coverageSchema":"1a1c01bbd47fc00a2c39e90264f33305004495a9","hash":"6e7d1effc566ed44e3e2e37d5482d91599b2bbc3"}
,"/home/ubuntu/gitee/letcode/src/程序员面试金典/15.回文链表.ts": {"path":"/home/ubuntu/gitee/letcode/src/程序员面试金典/15.回文链表.ts","statementMap":{"0":{"start":{"line":13,"column":4},"end":{"line":13,"column":25}},"1":{"start":{"line":13,"column":14},"end":{"line":13,"column":25}},"2":{"start":{"line":14,"column":25},"end":{"line":14,"column":27}},"3":{"start":{"line":15,"column":14},"end":{"line":15,"column":18}},"4":{"start":{"line":16,"column":4},"end":{"line":19,"column":5}},"5":{"start":{"line":17,"column":7},"end":{"line":17,"column":34}},"6":{"start":{"line":18,"column":7},"end":{"line":18,"column":21}},"7":{"start":{"line":20,"column":17},"end":{"line":20,"column":29}},"8":{"start":{"line":21,"column":17},"end":{"line":21,"column":39}},"9":{"start":{"line":22,"column":4},"end":{"line":22,"column":24}}},"fnMap":{"0":{"name":"isPalindrome","decl":{"start":{"line":12,"column":16},"end":{"line":12,"column":28}},"loc":{"start":{"line":12,"column":61},"end":{"line":23,"column":1}},"line":12}},"branchMap":{"0":{"loc":{"start":{"line":13,"column":4},"end":{"line":13,"column":25}},"type":"if","locations":[{"start":{"line":13,"column":4},"end":{"line":13,"column":25}},{"start":{},"end":{}}],"line":13}},"s":{"0":4,"1":1,"2":3,"3":3,"4":3,"5":14,"6":14,"7":3,"8":3,"9":3},"f":{"0":4},"b":{"0":[1,3]},"_coverageSchema":"1a1c01bbd47fc00a2c39e90264f33305004495a9","hash":"1a61c513403a3e8808169ac42af92c39617cbfbf"}
,"/home/ubuntu/gitee/letcode/src/程序员面试金典/16.链表相交.ts": {"path":"/home/ubuntu/gitee/letcode/src/程序员面试金典/16.链表相交.ts","statementMap":{"0":{"start":{"line":12,"column":35},"end":{"line":32,"column":1}},"1":{"start":{"line":16,"column":19},"end":{"line":16,"column":28}},"2":{"start":{"line":17,"column":14},"end":{"line":17,"column":19}},"3":{"start":{"line":18,"column":3},"end":{"line":21,"column":4}},"4":{"start":{"line":19,"column":7},"end":{"line":19,"column":25}},"5":{"start":{"line":20,"column":7},"end":{"line":20,"column":24}},"6":{"start":{"line":22,"column":3},"end":{"line":22,"column":16}},"7":{"start":{"line":23,"column":3},"end":{"line":28,"column":4}},"8":{"start":{"line":24,"column":7},"end":{"line":26,"column":8}},"9":{"start":{"line":25,"column":11},"end":{"line":25,"column":23}},"10":{"start":{"line":27,"column":7},"end":{"line":27,"column":24}},"11":{"start":{"line":29,"column":3},"end":{"line":29,"column":15}},"12":{"start":{"line":36,"column":36},"end":{"line":48,"column":1}},"13":{"start":{"line":40,"column":3},"end":{"line":40,"column":35}},"14":{"start":{"line":40,"column":24},"end":{"line":40,"column":35}},"15":{"start":{"line":41,"column":13},"end":{"line":41,"column":18}},"16":{"start":{"line":42,"column":13},"end":{"line":42,"column":18}},"17":{"start":{"line":43,"column":3},"end":{"line":46,"column":4}},"18":{"start":{"line":44,"column":5},"end":{"line":44,"column":33}},"19":{"start":{"line":45,"column":5},"end":{"line":45,"column":33}},"20":{"start":{"line":47,"column":3},"end":{"line":47,"column":13}}},"fnMap":{"0":{"name":"(anonymous_0)","decl":{"start":{"line":12,"column":35},"end":{"line":12,"column":36}},"loc":{"start":{"line":15,"column":19},"end":{"line":32,"column":1}},"line":15},"1":{"name":"(anonymous_1)","decl":{"start":{"line":36,"column":36},"end":{"line":36,"column":37}},"loc":{"start":{"line":39,"column":19},"end":{"line":48,"column":1}},"line":39}},"branchMap":{"0":{"loc":{"start":{"line":24,"column":7},"end":{"line":26,"column":8}},"type":"if","locations":[{"start":{"line":24,"column":7},"end":{"line":26,"column":8}},{"start":{},"end":{}}],"line":24},"1":{"loc":{"start":{"line":40,"column":3},"end":{"line":40,"column":35}},"type":"if","locations":[{"start":{"line":40,"column":3},"end":{"line":40,"column":35}},{"start":{},"end":{}}],"line":40},"2":{"loc":{"start":{"line":40,"column":6},"end":{"line":40,"column":22}},"type":"binary-expr","locations":[{"start":{"line":40,"column":6},"end":{"line":40,"column":12}},{"start":{"line":40,"column":16},"end":{"line":40,"column":22}}],"line":40},"3":{"loc":{"start":{"line":44,"column":11},"end":{"line":44,"column":33}},"type":"cond-expr","locations":[{"start":{"line":44,"column":17},"end":{"line":44,"column":25}},{"start":{"line":44,"column":28},"end":{"line":44,"column":33}}],"line":44},"4":{"loc":{"start":{"line":45,"column":11},"end":{"line":45,"column":33}},"type":"cond-expr","locations":[{"start":{"line":45,"column":17},"end":{"line":45,"column":25}},{"start":{"line":45,"column":28},"end":{"line":45,"column":33}}],"line":45}},"s":{"0":1,"1":3,"2":3,"3":3,"4":15,"5":15,"6":3,"7":3,"8":11,"9":2,"10":9,"11":1,"12":1,"13":3,"14":0,"15":3,"16":3,"17":3,"18":21,"19":21,"20":3},"f":{"0":3,"1":3},"b":{"0":[2,9],"1":[0,3],"2":[3,3],"3":[19,2],"4":[19,2]},"_coverageSchema":"1a1c01bbd47fc00a2c39e90264f33305004495a9","hash":"c345baaade34cbc41b8da2c381a3d09dfb3cb187"}
,"/home/ubuntu/gitee/letcode/src/程序员面试金典/17.环路检测.ts": {"path":"/home/ubuntu/gitee/letcode/src/程序员面试金典/17.环路检测.ts","statementMap":{"0":{"start":{"line":17,"column":26},"end":{"line":32,"column":1}},"1":{"start":{"line":19,"column":3},"end":{"line":19,"column":38}},"2":{"start":{"line":19,"column":27},"end":{"line":19,"column":38}},"3":{"start":{"line":20,"column":16},"end":{"line":20,"column":25}},"4":{"start":{"line":21,"column":14},"end":{"line":21,"column":18}},"5":{"start":{"line":22,"column":4},"end":{"line":30,"column":5}},"6":{"start":{"line":23,"column":8},"end":{"line":28,"column":9}},"7":{"start":{"line":24,"column":11},"end":{"line":24,"column":21}},"8":{"start":{"line":26,"column":12},"end":{"line":26,"column":24}},"9":{"start":{"line":27,"column":12},"end":{"line":27,"column":26}},"10":{"start":{"line":31,"column":4},"end":{"line":31,"column":15}}},"fnMap":{"0":{"name":"(anonymous_0)","decl":{"start":{"line":17,"column":26},"end":{"line":17,"column":27}},"loc":{"start":{"line":17,"column":66},"end":{"line":32,"column":1}},"line":17}},"branchMap":{"0":{"loc":{"start":{"line":19,"column":3},"end":{"line":19,"column":38}},"type":"if","locations":[{"start":{"line":19,"column":3},"end":{"line":19,"column":38}},{"start":{},"end":{}}],"line":19},"1":{"loc":{"start":{"line":19,"column":6},"end":{"line":19,"column":25}},"type":"binary-expr","locations":[{"start":{"line":19,"column":6},"end":{"line":19,"column":11}},{"start":{"line":19,"column":15},"end":{"line":19,"column":25}}],"line":19},"2":{"loc":{"start":{"line":23,"column":8},"end":{"line":28,"column":9}},"type":"if","locations":[{"start":{"line":23,"column":8},"end":{"line":28,"column":9}},{"start":{"line":25,"column":13},"end":{"line":28,"column":9}}],"line":23}},"s":{"0":1,"1":4,"2":1,"3":3,"4":3,"5":3,"6":14,"7":2,"8":12,"9":12,"10":1},"f":{"0":4},"b":{"0":[1,3],"1":[4,4],"2":[2,12]},"_coverageSchema":"1a1c01bbd47fc00a2c39e90264f33305004495a9","hash":"d7ae63e3f129a00ff8875d9a96cb7d655186c0d5"}
,"/home/ubuntu/gitee/letcode/src/算法进阶/字符串/392.判断子序列.ts": {"path":"/home/ubuntu/gitee/letcode/src/算法进阶/字符串/392.判断子序列.ts","statementMap":{"0":{"start":{"line":9,"column":4},"end":{"line":9,"column":34}},"1":{"start":{"line":9,"column":23},"end":{"line":9,"column":34}},"2":{"start":{"line":10,"column":4},"end":{"line":10,"column":35}},"3":{"start":{"line":10,"column":23},"end":{"line":10,"column":35}},"4":{"start":{"line":12,"column":12},"end":{"line":12,"column":13}},"5":{"start":{"line":13,"column":4},"end":{"line":21,"column":5}},"6":{"start":{"line":14,"column":7},"end":{"line":19,"column":8}},"7":{"start":{"line":14,"column":24},"end":{"line":14,"column":25}},"8":{"start":{"line":15,"column":12},"end":{"line":17,"column":12}},"9":{"start":{"line":16,"column":16},"end":{"line":16,"column":19}},"10":{"start":{"line":18,"column":11},"end":{"line":18,"column":65}},"11":{"start":{"line":18,"column":53},"end":{"line":18,"column":65}},"12":{"start":{"line":23,"column":3},"end":{"line":23,"column":14}}},"fnMap":{"0":{"name":"isSubsequence","decl":{"start":{"line":8,"column":16},"end":{"line":8,"column":29}},"loc":{"start":{"line":8,"column":61},"end":{"line":24,"column":1}},"line":8}},"branchMap":{"0":{"loc":{"start":{"line":9,"column":4},"end":{"line":9,"column":34}},"type":"if","locations":[{"start":{"line":9,"column":4},"end":{"line":9,"column":34}},{"start":{},"end":{}}],"line":9},"1":{"loc":{"start":{"line":10,"column":4},"end":{"line":10,"column":35}},"type":"if","locations":[{"start":{"line":10,"column":4},"end":{"line":10,"column":35}},{"start":{},"end":{}}],"line":10},"2":{"loc":{"start":{"line":15,"column":12},"end":{"line":17,"column":12}},"type":"if","locations":[{"start":{"line":15,"column":12},"end":{"line":17,"column":12}},{"start":{},"end":{}}],"line":15},"3":{"loc":{"start":{"line":18,"column":11},"end":{"line":18,"column":65}},"type":"if","locations":[{"start":{"line":18,"column":11},"end":{"line":18,"column":65}},{"start":{},"end":{}}],"line":18},"4":{"loc":{"start":{"line":18,"column":15},"end":{"line":18,"column":50}},"type":"binary-expr","locations":[{"start":{"line":18,"column":15},"end":{"line":18,"column":34}},{"start":{"line":18,"column":38},"end":{"line":18,"column":50}}],"line":18}},"s":{"0":6,"1":1,"2":5,"3":1,"4":4,"5":4,"6":4,"7":4,"8":26,"9":10,"10":26,"11":3,"12":1},"f":{"0":6},"b":{"0":[1,5],"1":[1,4],"2":[10,16],"3":[3,23],"4":[26,4]},"_coverageSchema":"1a1c01bbd47fc00a2c39e90264f33305004495a9","hash":"2a2b184ca0e9199df2eb704e4f4d7237ebf67cf9"}
}
