TN:
SF:src/labuladong的算法小抄/链表/141.环形链表.ts
FN:2,hasCycle
FNF:1
FNH:1
FNDA:7,hasCycle
DA:3,7
DA:4,5
DA:5,5
DA:6,5
DA:7,16
DA:8,16
DA:9,16
DA:11,2
LF:8
LH:8
BRDA:3,0,0,2
BRDA:3,0,1,5
BRDA:3,1,0,7
BRDA:3,1,1,6
BRDA:6,2,0,18
BRDA:6,2,1,17
BRDA:6,2,2,16
BRDA:9,3,0,3
BRDA:9,3,1,13
BRF:9
BRH:9
end_of_record
TN:
SF:src/labuladong的算法小抄/链表/142.环形链表2.ts
FN:3,detectCycle
FNF:1
FNH:1
FNDA:12,detectCycle
DA:4,12
DA:5,10
DA:6,10
DA:7,10
DA:8,38
DA:9,38
DA:10,38
DA:12,10
DA:13,5
DA:14,5
DA:15,8
DA:16,8
DA:18,5
LF:13
LH:13
BRDA:4,0,0,2
BRDA:4,0,1,10
BRDA:4,1,0,12
BRDA:4,1,1,11
BRDA:7,2,0,43
BRDA:7,2,1,39
BRDA:10,3,0,5
BRDA:10,3,1,33
BRDA:12,4,0,5
BRDA:12,4,1,5
BRDA:12,5,0,10
BRDA:12,5,1,6
BRF:12
BRH:12
end_of_record
TN:
SF:src/labuladong的算法小抄/链表/160.相交链表.ts
FN:4,getIntersectionNode
FN:43,getIntersectionNode2
FNF:2
FNH:1
FNDA:0,getIntersectionNode
FNDA:6,getIntersectionNode2
DA:5,0
DA:6,0
DA:7,0
DA:8,0
DA:9,0
DA:10,0
DA:11,0
DA:12,0
DA:13,0
DA:15,0
DA:16,0
DA:17,0
DA:19,0
DA:20,0
DA:22,0
DA:23,0
DA:24,0
DA:25,0
DA:26,0
DA:29,0
DA:30,0
DA:31,0
DA:32,0
DA:35,0
DA:36,0
DA:37,0
DA:38,0
DA:40,0
DA:44,6
DA:45,6
DA:46,5
DA:47,5
DA:48,16
DA:50,5
DA:51,5
DA:54,5
DA:56,5
DA:57,5
LF:38
LH:10
BRDA:5,0,0,0
BRDA:5,0,1,0
BRDA:5,1,0,0
BRDA:5,1,1,0
BRDA:6,2,0,0
BRDA:6,2,1,0
BRDA:22,3,0,0
BRDA:22,3,1,0
BRDA:35,4,0,0
BRDA:35,4,1,0
BRDA:36,5,0,0
BRDA:36,5,1,0
BRDA:44,6,0,0
BRDA:44,6,1,6
BRDA:44,7,0,6
BRDA:44,7,1,6
BRDA:45,8,0,1
BRDA:45,8,1,5
BRF:18
BRH:5
end_of_record
TN:
SF:src/labuladong的算法小抄/链表/19.删除链表的倒数第 N 个结点.ts
FN:3,removeNthFromEnd
FNF:1
FNH:1
FNDA:5,removeNthFromEnd
DA:4,5
DA:5,4
DA:6,4
DA:7,4
DA:8,4
DA:9,9
DA:10,9
DA:12,4
DA:13,3
DA:14,5
DA:15,5
DA:17,3
DA:18,3
LF:13
LH:13
BRDA:4,0,0,1
BRDA:4,0,1,4
BRDA:4,1,0,5
BRDA:4,1,1,1
BRDA:12,2,0,1
BRDA:12,2,1,3
BRF:6
BRH:6
end_of_record
TN:
SF:src/labuladong的算法小抄/链表/21.合并两个有序链表.ts
FN:3,mergeTwoLists
FNF:1
FNH:1
FNDA:5,mergeTwoLists
DA:4,5
DA:5,3
DA:6,2
DA:7,2
DA:8,2
DA:9,2
DA:10,2
DA:11,11
DA:12,7
DA:13,7
DA:15,4
DA:16,4
DA:18,11
DA:20,2
DA:21,1
DA:23,2
DA:24,1
DA:27,2
LF:18
LH:18
BRDA:4,0,0,2
BRDA:4,0,1,3
BRDA:5,1,0,1
BRDA:5,1,1,2
BRDA:10,2,0,13
BRDA:10,2,1,12
BRDA:11,3,0,7
BRDA:11,3,1,4
BRDA:20,4,0,1
BRDA:20,4,1,1
BRDA:23,5,0,1
BRDA:23,5,1,1
BRF:12
BRH:12
end_of_record
TN:
SF:src/links/SingleLink.ts
FN:5,(anonymous_0)
FN:13,(anonymous_1)
FN:15,(anonymous_2)
FN:25,(anonymous_3)
FN:33,(anonymous_4)
FN:43,(anonymous_5)
FN:47,(anonymous_6)
FNF:7
FNH:4
FNDA:390,(anonymous_0)
FNDA:51,(anonymous_1)
FNDA:201,(anonymous_2)
FNDA:0,(anonymous_3)
FNDA:0,(anonymous_4)
FNDA:0,(anonymous_5)
FNDA:51,(anonymous_6)
DA:6,390
DA:7,390
DA:14,51
DA:15,51
DA:16,201
DA:17,49
DA:18,49
DA:20,152
DA:21,152
DA:26,0
DA:27,0
DA:28,0
DA:30,0
DA:34,0
DA:36,0
DA:37,0
DA:39,0
DA:40,0
DA:48,51
LF:19
LH:10
BRDA:14,0,0,2
BRDA:14,0,1,49
BRDA:14,1,0,51
BRDA:14,1,1,49
BRDA:16,2,0,49
BRDA:16,2,1,152
BRDA:27,3,0,0
BRDA:27,3,1,0
BRDA:34,4,0,0
BRDA:34,4,1,0
BRF:10
BRH:6
end_of_record
TN:
SF:src/util/linkUtil.ts
FN:16,linkToArray
FN:32,linkInArray
FN:34,(anonymous_2)
FN:54,creatCirleLink
FNF:4
FNH:4
FNDA:33,linkToArray
FNDA:37,linkInArray
FNDA:144,(anonymous_2)
FNDA:10,creatCirleLink
DA:17,33
DA:18,32
DA:19,32
DA:20,32
DA:21,141
DA:22,141
DA:24,32
DA:33,37
DA:34,37
DA:35,144
DA:36,144
DA:38,37
DA:39,144
DA:40,37
DA:42,107
DA:45,37
DA:55,10
DA:56,8
DA:57,6
DA:58,6
DA:59,6
LF:21
LH:21
BRDA:17,0,0,1
BRDA:17,0,1,32
BRDA:39,1,0,37
BRDA:39,1,1,107
BRDA:54,2,0,4
BRDA:55,3,0,2
BRDA:55,3,1,8
BRDA:56,4,0,2
BRDA:56,4,1,6
BRDA:58,5,0,4
BRDA:58,5,1,2
BRF:11
BRH:11
end_of_record
TN:
SF:src/util/treeNodeUtil.ts
FN:22,obj2Tree
FN:34,preOrder
FN:36,(anonymous_2)
FN:51,inorder
FN:53,(anonymous_4)
FN:63,postorder
FN:65,(anonymous_6)
FNF:7
FNH:7
FNDA:52,obj2Tree
FNDA:1,preOrder
FNDA:13,(anonymous_2)
FNDA:1,inorder
FNDA:13,(anonymous_4)
FNDA:2,postorder
FNDA:14,(anonymous_6)
DA:23,52
DA:24,24
DA:25,24
DA:26,24
DA:27,24
DA:35,1
DA:36,1
DA:37,13
DA:38,6
DA:39,6
DA:40,6
DA:42,1
DA:43,1
DA:52,1
DA:53,1
DA:54,13
DA:55,6
DA:56,6
DA:57,6
DA:59,1
DA:60,1
DA:64,2
DA:65,2
DA:66,14
DA:67,6
DA:68,6
DA:69,6
DA:71,2
DA:72,2
LF:29
LH:29
BRDA:23,0,0,28
BRDA:23,0,1,24
BRDA:37,1,0,7
BRDA:37,1,1,6
BRDA:54,2,0,7
BRDA:54,2,1,6
BRDA:66,3,0,8
BRDA:66,3,1,6
BRF:8
BRH:8
end_of_record
TN:
SF:src/基本数据结构/二叉树.ts
FN:15,(anonymous_0)
FNF:1
FNH:1
FNDA:24,(anonymous_0)
DA:16,24
DA:17,24
DA:18,24
LF:3
LH:3
BRF:0
BRH:0
end_of_record
TN:
SF:src/稀土课堂/字符串/判断回文.ts
FN:11,isRever
FNF:1
FNH:1
FNDA:6,isRever
DA:12,6
DA:13,6
DA:14,16
DA:15,4
DA:16,4
DA:17,1
DA:18,3
DA:19,0
DA:21,3
DA:25,3
LF:10
LH:9
BRDA:14,0,0,4
BRDA:14,0,1,12
BRDA:15,1,0,0
BRDA:15,1,1,4
BRDA:16,2,0,1
BRDA:16,2,1,3
BRDA:18,3,0,0
BRDA:18,3,1,3
BRF:8
BRH:6
end_of_record
TN:
SF:src/稀土课堂/数组/三数求和.ts
FN:1,threeSum
FN:3,(anonymous_1)
FNF:2
FNH:2
FNDA:4,threeSum
FNDA:18,(anonymous_1)
DA:2,4
DA:3,4
DA:4,18
DA:6,4
DA:7,17
DA:8,17
DA:9,17
DA:10,11
DA:11,10
DA:12,10
DA:13,3
DA:14,3
DA:15,1
DA:17,7
DA:18,3
DA:19,3
DA:20,1
DA:22,4
DA:23,4
DA:24,4
DA:25,4
DA:26,4
DA:27,1
DA:29,4
DA:30,0
DA:35,4
LF:26
LH:25
BRDA:9,0,0,6
BRDA:9,0,1,11
BRDA:12,1,0,3
BRDA:12,1,1,7
BRDA:14,2,0,4
BRDA:14,2,1,3
BRDA:17,3,0,3
BRDA:17,3,1,4
BRDA:19,4,0,4
BRDA:19,4,1,1
BRDA:22,5,0,4
BRDA:22,5,1,0
BRDA:26,6,0,5
BRDA:26,6,1,2
BRDA:29,7,0,4
BRDA:29,7,1,1
BRF:16
BRH:15
end_of_record
TN:
SF:src/稀土课堂/数组/两数求和.ts
FN:11,twoNumAdd
FN:22,twoNumAdd2
FNF:2
FNH:2
FNDA:4,twoNumAdd
FNDA:4,twoNumAdd2
DA:12,4
DA:13,7
DA:14,14
DA:15,4
DA:23,4
DA:24,4
DA:25,13
DA:26,4
DA:28,9
LF:9
LH:9
BRDA:14,0,0,4
BRDA:14,0,1,10
BRDA:25,1,0,4
BRDA:25,1,1,9
BRF:4
BRH:4
end_of_record
TN:
SF:src/稀土课堂/数组/合并两个有序数组.ts
FN:11,merge
FN:42,merge2
FN:44,(anonymous_2)
FN:48,(anonymous_3)
FNF:4
FNH:4
FNDA:5,merge
FNDA:5,merge2
FNDA:12,(anonymous_2)
FNDA:33,(anonymous_3)
DA:12,5
DA:13,5
DA:14,1
DA:15,1
DA:17,1
DA:19,4
DA:20,4
DA:21,4
DA:22,4
DA:23,15
DA:24,5
DA:25,5
DA:26,5
DA:28,10
DA:29,10
DA:30,10
DA:33,4
DA:34,1
DA:35,1
DA:38,4
DA:43,5
DA:44,5
DA:45,12
DA:46,12
DA:48,5
DA:49,33
DA:51,5
LF:27
LH:27
BRDA:12,0,0,0
BRDA:12,0,1,5
BRDA:13,1,0,1
BRDA:13,1,1,4
BRDA:22,2,0,19
BRDA:22,2,1,18
BRDA:23,3,0,5
BRDA:23,3,1,10
BRDA:33,4,0,1
BRDA:33,4,1,3
BRDA:33,5,0,4
BRDA:33,5,1,1
BRF:12
BRH:11
end_of_record
TN:
SF:src/稀土课堂/链表/删除链表的倒数第 N 个结点.ts
FN:13,removeNthFromEnd
FN:30,removeNthFromEnd2
FNF:2
FNH:1
FNDA:5,removeNthFromEnd
FNDA:0,removeNthFromEnd2
DA:14,5
DA:15,4
DA:16,4
DA:17,4
DA:18,4
DA:19,9
DA:20,9
DA:22,4
DA:23,7
DA:24,7
DA:26,4
DA:27,4
DA:31,0
DA:32,0
DA:33,0
DA:34,0
DA:35,0
DA:36,0
DA:37,0
DA:39,0
DA:40,0
LF:21
LH:12
BRDA:14,0,0,1
BRDA:14,0,1,4
BRDA:31,1,0,0
BRDA:31,1,1,0
BRF:4
BRH:2
end_of_record
TN:
SF:src/稀土课堂/链表/反转链表.ts
FN:13,reverseList
FN:17,one
FN:32,reverseList3
FN:46,reverseList2
FNF:4
FNH:2
FNDA:3,reverseList
FNDA:6,one
FNDA:0,reverseList3
FNDA:0,reverseList2
DA:14,3
DA:15,1
DA:16,1
DA:18,6
DA:19,5
DA:20,5
DA:21,5
DA:22,1
DA:24,5
DA:27,1
DA:28,1
DA:33,0
DA:34,0
DA:35,0
DA:36,0
DA:37,0
DA:38,0
DA:39,0
DA:40,0
DA:41,0
DA:43,0
DA:47,0
DA:48,0
DA:49,0
DA:50,0
DA:51,0
DA:52,0
DA:53,0
DA:54,0
DA:55,0
DA:56,0
DA:57,0
DA:60,0
LF:33
LH:11
BRDA:14,0,0,2
BRDA:14,0,1,1
BRDA:14,1,0,3
BRDA:14,1,1,2
BRDA:18,2,0,1
BRDA:18,2,1,5
BRDA:21,3,0,1
BRDA:21,3,1,4
BRDA:33,4,0,0
BRDA:33,4,1,0
BRDA:33,5,0,0
BRDA:33,5,1,0
BRDA:47,6,0,0
BRDA:47,6,1,0
BRDA:47,7,0,0
BRDA:47,7,1,0
BRDA:56,8,0,0
BRDA:56,8,1,0
BRF:18
BRH:8
end_of_record
TN:
SF:src/稀土课堂/链表/排序链表删除所有重复节点.ts
FN:12,(anonymous_0)
FNF:1
FNH:1
FNDA:1,(anonymous_0)
DA:12,1
DA:13,1
DA:14,1
DA:15,1
DA:16,1
DA:17,5
DA:18,2
DA:19,2
DA:20,4
DA:23,3
DA:26,1
LF:11
LH:11
BRDA:13,0,0,0
BRDA:13,0,1,1
BRDA:16,1,0,6
BRDA:16,1,1,5
BRDA:17,2,0,2
BRDA:17,2,1,3
BRDA:19,3,0,6
BRDA:19,3,1,5
BRF:8
BRH:7
end_of_record
TN:
SF:src/稀土课堂/链表/有序链表删除重复节点.ts
FN:11,(anonymous_0)
FNF:1
FNH:1
FNDA:3,(anonymous_0)
DA:11,1
DA:12,3
DA:13,2
DA:14,2
DA:15,8
DA:16,2
DA:18,6
DA:22,2
LF:8
LH:8
BRDA:12,0,0,1
BRDA:12,0,1,2
BRDA:14,1,0,10
BRDA:14,1,1,10
BRDA:15,2,0,2
BRDA:15,2,1,6
BRF:6
BRH:6
end_of_record
TN:
SF:src/稀土课堂/链表/有序链表合并.ts
FN:12,mergeTwoLists
FNF:1
FNH:1
FNDA:4,mergeTwoLists
DA:13,4
DA:14,3
DA:15,2
DA:16,2
DA:17,2
DA:18,2
DA:19,2
DA:20,13
DA:21,6
DA:22,6
DA:23,6
DA:25,7
DA:26,7
DA:27,7
DA:30,2
DA:31,1
DA:33,2
DA:34,1
DA:37,2
LF:19
LH:19
BRDA:13,0,0,1
BRDA:13,0,1,3
BRDA:14,1,0,1
BRDA:14,1,1,2
BRDA:19,2,0,15
BRDA:19,2,1,14
BRDA:20,3,0,6
BRDA:20,3,1,7
BRDA:30,4,0,1
BRDA:30,4,1,1
BRDA:33,5,0,1
BRDA:33,5,1,1
BRF:12
BRH:12
end_of_record
TN:
SF:src/程序员面试金典/11.返回倒数第k个节点.ts
FN:13,kthToLast
FN:23,kthToLast2
FNF:2
FNH:2
FNDA:1,kthToLast
FNDA:2,kthToLast2
DA:14,1
DA:15,1
DA:16,1
DA:17,5
DA:18,5
DA:20,1
DA:24,2
DA:25,2
DA:26,2
DA:27,4
DA:29,2
DA:30,6
DA:31,6
DA:33,2
DA:35,1
DA:36,1
LF:16
LH:16
BRF:0
BRH:0
end_of_record
TN:
SF:src/程序员面试金典/13.分割链表.ts
FN:25,partition
FN:48,partition2
FN:67,(anonymous_2)
FN:74,partition3
FNF:4
FNH:4
FNDA:5,partition
FNDA:2,partition2
FNDA:4,(anonymous_2)
FNDA:2,partition3
DA:26,5
DA:27,5
DA:28,5
DA:29,5
DA:30,5
DA:31,23
DA:32,11
DA:34,12
DA:36,23
DA:38,5
DA:39,5
DA:40,5
DA:41,18
DA:42,18
DA:44,5
DA:45,5
DA:49,2
DA:50,2
DA:51,2
DA:52,2
DA:53,2
DA:54,2
DA:55,8
DA:56,4
DA:57,4
DA:59,4
DA:60,4
DA:61,4
DA:64,2
DA:65,2
DA:67,2
DA:68,4
DA:69,4
DA:71,2
DA:75,2
DA:76,2
DA:77,2
DA:78,2
DA:79,2
DA:80,2
DA:81,8
DA:82,4
DA:83,4
DA:84,4
DA:86,4
DA:87,4
DA:88,4
DA:91,2
DA:92,2
DA:93,2
DA:94,2
LF:51
LH:51
BRDA:26,0,0,0
BRDA:26,0,1,5
BRDA:26,1,0,5
BRDA:26,1,1,5
BRDA:31,2,0,11
BRDA:31,2,1,12
BRDA:49,3,0,0
BRDA:49,3,1,2
BRDA:49,4,0,2
BRDA:49,4,1,2
BRDA:55,5,0,4
BRDA:55,5,1,4
BRDA:64,6,0,2
BRDA:64,6,1,0
BRDA:81,7,0,4
BRDA:81,7,1,4
BRF:16
BRH:13
end_of_record
TN:
SF:src/程序员面试金典/14.链表求和.ts
FN:12,addTwoNumbers
FNF:1
FNH:1
FNDA:5,addTwoNumbers
DA:16,5
DA:17,5
DA:18,5
DA:19,5
DA:20,5
DA:21,5
DA:22,5
DA:23,15
DA:24,15
DA:25,15
DA:26,15
DA:27,15
DA:28,15
DA:29,15
DA:30,15
DA:32,5
DA:33,1
DA:34,1
DA:35,1
DA:36,1
DA:37,1
DA:38,1
DA:39,1
DA:42,5
DA:43,1
DA:44,1
DA:45,1
DA:46,1
DA:47,1
DA:48,1
DA:49,1
DA:51,5
DA:52,3
DA:53,3
DA:54,3
DA:56,5
LF:36
LH:36
BRDA:16,0,0,0
BRDA:16,0,1,5
BRDA:16,1,0,5
BRDA:16,1,1,5
BRDA:22,2,0,20
BRDA:22,2,1,16
BRDA:51,3,0,3
BRDA:51,3,1,2
BRF:8
BRH:7
end_of_record
TN:
SF:src/程序员面试金典/15.回文链表.ts
FN:12,isPalindrome
FNF:1
FNH:1
FNDA:4,isPalindrome
DA:13,4
DA:14,3
DA:15,3
DA:16,3
DA:17,14
DA:18,14
DA:20,3
DA:21,3
DA:22,3
LF:9
LH:9
BRDA:13,0,0,1
BRDA:13,0,1,3
BRF:2
BRH:2
end_of_record
TN:
SF:src/程序员面试金典/16.链表相交.ts
FN:12,(anonymous_0)
FN:36,(anonymous_1)
FNF:2
FNH:2
FNDA:3,(anonymous_0)
FNDA:3,(anonymous_1)
DA:12,1
DA:16,3
DA:17,3
DA:18,3
DA:19,15
DA:20,15
DA:22,3
DA:23,3
DA:24,11
DA:25,2
DA:27,9
DA:29,1
DA:36,1
DA:40,3
DA:41,3
DA:42,3
DA:43,3
DA:44,21
DA:45,21
DA:47,3
LF:20
LH:20
BRDA:24,0,0,2
BRDA:24,0,1,9
BRDA:40,1,0,0
BRDA:40,1,1,3
BRDA:40,2,0,3
BRDA:40,2,1,3
BRDA:44,3,0,19
BRDA:44,3,1,2
BRDA:45,4,0,19
BRDA:45,4,1,2
BRF:10
BRH:9
end_of_record
TN:
SF:src/程序员面试金典/17.环路检测.ts
FN:17,(anonymous_0)
FNF:1
FNH:1
FNDA:4,(anonymous_0)
DA:17,1
DA:19,4
DA:20,3
DA:21,3
DA:22,3
DA:23,14
DA:24,2
DA:26,12
DA:27,12
DA:31,1
LF:10
LH:10
BRDA:19,0,0,1
BRDA:19,0,1,3
BRDA:19,1,0,4
BRDA:19,1,1,4
BRDA:23,2,0,2
BRDA:23,2,1,12
BRF:6
BRH:6
end_of_record
TN:
SF:src/算法进阶/字符串/392.判断子序列.ts
FN:8,isSubsequence
FNF:1
FNH:1
FNDA:6,isSubsequence
DA:9,6
DA:10,5
DA:12,4
DA:13,4
DA:14,4
DA:15,26
DA:16,10
DA:18,26
DA:23,1
LF:9
LH:9
BRDA:9,0,0,1
BRDA:9,0,1,5
BRDA:10,1,0,1
BRDA:10,1,1,4
BRDA:15,2,0,10
BRDA:15,2,1,16
BRDA:18,3,0,3
BRDA:18,3,1,23
BRDA:18,4,0,26
BRDA:18,4,1,4
BRF:10
BRH:10
end_of_record
